[2017-04-23 23:17:35,965]DEBUG     0[main] - org.hibernate.internal.CoreLogging.messageLogger(CoreLogging.java:28) - Logging Provider: org.jboss.logging.Log4jLoggerProvider
[2017-04-23 23:17:36,037]DEBUG    72[main] - org.hibernate.integrator.internal.IntegratorServiceImpl.addIntegrator(IntegratorServiceImpl.java:46) - Adding Integrator [org.hibernate.cfg.beanvalidation.BeanValidationIntegrator].
[2017-04-23 23:17:36,053]DEBUG    88[main] - org.hibernate.integrator.internal.IntegratorServiceImpl.addIntegrator(IntegratorServiceImpl.java:46) - Adding Integrator [org.hibernate.secure.spi.JaccIntegrator].
[2017-04-23 23:17:36,072]DEBUG   107[main] - org.hibernate.integrator.internal.IntegratorServiceImpl.addIntegrator(IntegratorServiceImpl.java:46) - Adding Integrator [org.hibernate.cache.internal.CollectionCacheInvalidator].
[2017-04-23 23:17:36,592] INFO   627[main] - org.hibernate.Version.logVersion(Version.java:37) - HHH000412: Hibernate Core {5.0.1.Final}
[2017-04-23 23:17:36,606] INFO   641[main] - org.hibernate.cfg.Environment.<clinit>(Environment.java:213) - HHH000206: hibernate.properties not found
[2017-04-23 23:17:36,616] INFO   651[main] - org.hibernate.cfg.Environment.buildBytecodeProvider(Environment.java:317) - HHH000021: Bytecode provider name : javassist
[2017-04-23 23:17:36,802]DEBUG   837[main] - org.hibernate.boot.jaxb.internal.stax.LocalXmlResourceResolver.resolveEntity(LocalXmlResourceResolver.java:57) - Interpreting public/system identifier : [-//Hibernate/Hibernate Configuration DTD 3.0//EN] - [http://www.hibernate.org/dtd/hibernate-configuration-3.0.dtd]
[2017-04-23 23:17:36,803]DEBUG   838[main] - org.hibernate.boot.jaxb.internal.stax.LocalXmlResourceResolver.resolveEntity(LocalXmlResourceResolver.java:85) - Recognized hibernate-configuration identifier; attempting to resolve on classpath under org/hibernate/
[2017-04-23 23:17:36,829]DEBUG   864[main] - org.hibernate.boot.cfgxml.internal.JaxbCfgProcessor.unmarshal(JaxbCfgProcessor.java:116) - cfg.xml document did not define namespaces; wrapping in custom event reader to introduce namespace information
[2017-04-23 23:17:37,656]DEBUG  1691[main] - org.hibernate.integrator.internal.IntegratorServiceImpl.addIntegrator(IntegratorServiceImpl.java:46) - Adding Integrator [org.hibernate.cfg.beanvalidation.BeanValidationIntegrator].
[2017-04-23 23:17:37,657]DEBUG  1692[main] - org.hibernate.integrator.internal.IntegratorServiceImpl.addIntegrator(IntegratorServiceImpl.java:46) - Adding Integrator [org.hibernate.secure.spi.JaccIntegrator].
[2017-04-23 23:17:37,658]DEBUG  1693[main] - org.hibernate.integrator.internal.IntegratorServiceImpl.addIntegrator(IntegratorServiceImpl.java:46) - Adding Integrator [org.hibernate.cache.internal.CollectionCacheInvalidator].
[2017-04-23 23:17:37,716]DEBUG  1751[main] - org.hibernate.service.spi.ServiceBinding.setService(ServiceBinding.java:68) - Overriding existing service binding [org.hibernate.secure.spi.JaccService]
[2017-04-23 23:17:37,717]DEBUG  1752[main] - org.hibernate.cfg.Configuration.buildSessionFactory(Configuration.java:653) - Building session factory using provided StandardServiceRegistry
[2017-04-23 23:17:37,812]DEBUG  1847[main] - org.hibernate.cache.internal.RegionFactoryInitiator.initiateService(RegionFactoryInitiator.java:88) - Cache region factory : org.hibernate.cache.internal.NoCachingRegionFactory
[2017-04-23 23:17:37,860] INFO  1895[main] - org.hibernate.annotations.common.reflection.java.JavaReflectionManager.<clinit>(JavaReflectionManager.java:66) - HCANN000001: Hibernate Commons Annotations {4.0.5.Final}
[2017-04-23 23:17:37,973]DEBUG  2008[main] - org.hibernate.type.BasicTypeRegistry.register(BasicTypeRegistry.java:135) - Adding type registration boolean -> org.hibernate.type.BooleanType@8e24743
[2017-04-23 23:17:37,974]DEBUG  2009[main] - org.hibernate.type.BasicTypeRegistry.register(BasicTypeRegistry.java:135) - Adding type registration boolean -> org.hibernate.type.BooleanType@8e24743
[2017-04-23 23:17:37,975]DEBUG  2010[main] - org.hibernate.type.BasicTypeRegistry.register(BasicTypeRegistry.java:135) - Adding type registration java.lang.Boolean -> org.hibernate.type.BooleanType@8e24743
[2017-04-23 23:17:37,980]DEBUG  2015[main] - org.hibernate.type.BasicTypeRegistry.register(BasicTypeRegistry.java:135) - Adding type registration numeric_boolean -> org.hibernate.type.NumericBooleanType@4e718207
[2017-04-23 23:17:37,984]DEBUG  2019[main] - org.hibernate.type.BasicTypeRegistry.register(BasicTypeRegistry.java:135) - Adding type registration true_false -> org.hibernate.type.TrueFalseType@c81cdd1
[2017-04-23 23:17:37,988]DEBUG  2023[main] - org.hibernate.type.BasicTypeRegistry.register(BasicTypeRegistry.java:135) - Adding type registration yes_no -> org.hibernate.type.YesNoType@2a70a3d8
[2017-04-23 23:17:37,995]DEBUG  2030[main] - org.hibernate.type.BasicTypeRegistry.register(BasicTypeRegistry.java:135) - Adding type registration byte -> org.hibernate.type.ByteType@396e2f39
[2017-04-23 23:17:37,996]DEBUG  2031[main] - org.hibernate.type.BasicTypeRegistry.register(BasicTypeRegistry.java:135) - Adding type registration byte -> org.hibernate.type.ByteType@396e2f39
[2017-04-23 23:17:37,996]DEBUG  2031[main] - org.hibernate.type.BasicTypeRegistry.register(BasicTypeRegistry.java:135) - Adding type registration java.lang.Byte -> org.hibernate.type.ByteType@396e2f39
[2017-04-23 23:17:38,001]DEBUG  2036[main] - org.hibernate.type.BasicTypeRegistry.register(BasicTypeRegistry.java:135) - Adding type registration character -> org.hibernate.type.CharacterType@18bf3d14
[2017-04-23 23:17:38,002]DEBUG  2037[main] - org.hibernate.type.BasicTypeRegistry.register(BasicTypeRegistry.java:135) - Adding type registration char -> org.hibernate.type.CharacterType@18bf3d14
[2017-04-23 23:17:38,003]DEBUG  2038[main] - org.hibernate.type.BasicTypeRegistry.register(BasicTypeRegistry.java:135) - Adding type registration java.lang.Character -> org.hibernate.type.CharacterType@18bf3d14
[2017-04-23 23:17:38,008]DEBUG  2043[main] - org.hibernate.type.BasicTypeRegistry.register(BasicTypeRegistry.java:135) - Adding type registration short -> org.hibernate.type.ShortType@6ec8211c
[2017-04-23 23:17:38,009]DEBUG  2044[main] - org.hibernate.type.BasicTypeRegistry.register(BasicTypeRegistry.java:135) - Adding type registration short -> org.hibernate.type.ShortType@6ec8211c
[2017-04-23 23:17:38,010]DEBUG  2045[main] - org.hibernate.type.BasicTypeRegistry.register(BasicTypeRegistry.java:135) - Adding type registration java.lang.Short -> org.hibernate.type.ShortType@6ec8211c
[2017-04-23 23:17:38,014]DEBUG  2049[main] - org.hibernate.type.BasicTypeRegistry.register(BasicTypeRegistry.java:135) - Adding type registration integer -> org.hibernate.type.IntegerType@4524411f
[2017-04-23 23:17:38,015]DEBUG  2050[main] - org.hibernate.type.BasicTypeRegistry.register(BasicTypeRegistry.java:135) - Adding type registration int -> org.hibernate.type.IntegerType@4524411f
[2017-04-23 23:17:38,016]DEBUG  2051[main] - org.hibernate.type.BasicTypeRegistry.register(BasicTypeRegistry.java:135) - Adding type registration java.lang.Integer -> org.hibernate.type.IntegerType@4524411f
[2017-04-23 23:17:38,021]DEBUG  2056[main] - org.hibernate.type.BasicTypeRegistry.register(BasicTypeRegistry.java:135) - Adding type registration long -> org.hibernate.type.LongType@2eda0940
[2017-04-23 23:17:38,022]DEBUG  2057[main] - org.hibernate.type.BasicTypeRegistry.register(BasicTypeRegistry.java:135) - Adding type registration long -> org.hibernate.type.LongType@2eda0940
[2017-04-23 23:17:38,023]DEBUG  2058[main] - org.hibernate.type.BasicTypeRegistry.register(BasicTypeRegistry.java:135) - Adding type registration java.lang.Long -> org.hibernate.type.LongType@2eda0940
[2017-04-23 23:17:38,029]DEBUG  2064[main] - org.hibernate.type.BasicTypeRegistry.register(BasicTypeRegistry.java:135) - Adding type registration float -> org.hibernate.type.FloatType@954b04f
[2017-04-23 23:17:38,030]DEBUG  2065[main] - org.hibernate.type.BasicTypeRegistry.register(BasicTypeRegistry.java:135) - Adding type registration float -> org.hibernate.type.FloatType@954b04f
[2017-04-23 23:17:38,031]DEBUG  2066[main] - org.hibernate.type.BasicTypeRegistry.register(BasicTypeRegistry.java:135) - Adding type registration java.lang.Float -> org.hibernate.type.FloatType@954b04f
[2017-04-23 23:17:38,036]DEBUG  2071[main] - org.hibernate.type.BasicTypeRegistry.register(BasicTypeRegistry.java:135) - Adding type registration double -> org.hibernate.type.DoubleType@545997b1
[2017-04-23 23:17:38,037]DEBUG  2072[main] - org.hibernate.type.BasicTypeRegistry.register(BasicTypeRegistry.java:135) - Adding type registration double -> org.hibernate.type.DoubleType@545997b1
[2017-04-23 23:17:38,038]DEBUG  2073[main] - org.hibernate.type.BasicTypeRegistry.register(BasicTypeRegistry.java:135) - Adding type registration java.lang.Double -> org.hibernate.type.DoubleType@545997b1
[2017-04-23 23:17:38,046]DEBUG  2081[main] - org.hibernate.type.BasicTypeRegistry.register(BasicTypeRegistry.java:135) - Adding type registration big_decimal -> org.hibernate.type.BigDecimalType@24a35978
[2017-04-23 23:17:38,047]DEBUG  2082[main] - org.hibernate.type.BasicTypeRegistry.register(BasicTypeRegistry.java:135) - Adding type registration java.math.BigDecimal -> org.hibernate.type.BigDecimalType@24a35978
[2017-04-23 23:17:38,051]DEBUG  2086[main] - org.hibernate.type.BasicTypeRegistry.register(BasicTypeRegistry.java:135) - Adding type registration big_integer -> org.hibernate.type.BigIntegerType@27d415d9
[2017-04-23 23:17:38,052]DEBUG  2087[main] - org.hibernate.type.BasicTypeRegistry.register(BasicTypeRegistry.java:135) - Adding type registration java.math.BigInteger -> org.hibernate.type.BigIntegerType@27d415d9
[2017-04-23 23:17:38,056]DEBUG  2091[main] - org.hibernate.type.BasicTypeRegistry.register(BasicTypeRegistry.java:135) - Adding type registration string -> org.hibernate.type.StringType@4fcd19b3
[2017-04-23 23:17:38,057]DEBUG  2092[main] - org.hibernate.type.BasicTypeRegistry.register(BasicTypeRegistry.java:135) - Adding type registration java.lang.String -> org.hibernate.type.StringType@4fcd19b3
[2017-04-23 23:17:38,076]DEBUG  2111[main] - org.hibernate.type.BasicTypeRegistry.register(BasicTypeRegistry.java:135) - Adding type registration nstring -> org.hibernate.type.StringNVarcharType@17211155
[2017-04-23 23:17:38,081]DEBUG  2116[main] - org.hibernate.type.BasicTypeRegistry.register(BasicTypeRegistry.java:135) - Adding type registration ncharacter -> org.hibernate.type.CharacterNCharType@6fb0d3ed
[2017-04-23 23:17:38,086]DEBUG  2121[main] - org.hibernate.type.BasicTypeRegistry.register(BasicTypeRegistry.java:135) - Adding type registration url -> org.hibernate.type.UrlType@24b1d79b
[2017-04-23 23:17:38,086]DEBUG  2121[main] - org.hibernate.type.BasicTypeRegistry.register(BasicTypeRegistry.java:135) - Adding type registration java.net.URL -> org.hibernate.type.UrlType@24b1d79b
[2017-04-23 23:17:38,097]DEBUG  2132[main] - org.hibernate.type.BasicTypeRegistry.register(BasicTypeRegistry.java:135) - Adding type registration date -> org.hibernate.type.DateType@543788f3
[2017-04-23 23:17:38,098]DEBUG  2133[main] - org.hibernate.type.BasicTypeRegistry.register(BasicTypeRegistry.java:135) - Adding type registration java.sql.Date -> org.hibernate.type.DateType@543788f3
[2017-04-23 23:17:38,108]DEBUG  2143[main] - org.hibernate.type.BasicTypeRegistry.register(BasicTypeRegistry.java:135) - Adding type registration time -> org.hibernate.type.TimeType@768b970c
[2017-04-23 23:17:38,110]DEBUG  2145[main] - org.hibernate.type.BasicTypeRegistry.register(BasicTypeRegistry.java:135) - Adding type registration java.sql.Time -> org.hibernate.type.TimeType@768b970c
[2017-04-23 23:17:38,118]DEBUG  2153[main] - org.hibernate.type.BasicTypeRegistry.register(BasicTypeRegistry.java:135) - Adding type registration timestamp -> org.hibernate.type.TimestampType@7ba18f1b
[2017-04-23 23:17:38,119]DEBUG  2154[main] - org.hibernate.type.BasicTypeRegistry.register(BasicTypeRegistry.java:135) - Adding type registration java.sql.Timestamp -> org.hibernate.type.TimestampType@7ba18f1b
[2017-04-23 23:17:38,120]DEBUG  2155[main] - org.hibernate.type.BasicTypeRegistry.register(BasicTypeRegistry.java:135) - Adding type registration java.util.Date -> org.hibernate.type.TimestampType@7ba18f1b
[2017-04-23 23:17:38,130]DEBUG  2165[main] - org.hibernate.type.BasicTypeRegistry.register(BasicTypeRegistry.java:135) - Adding type registration dbtimestamp -> org.hibernate.type.DbTimestampType@7dc222ae
[2017-04-23 23:17:38,136]DEBUG  2171[main] - org.hibernate.type.BasicTypeRegistry.register(BasicTypeRegistry.java:135) - Adding type registration calendar -> org.hibernate.type.CalendarType@b9afc07
[2017-04-23 23:17:38,137]DEBUG  2172[main] - org.hibernate.type.BasicTypeRegistry.register(BasicTypeRegistry.java:135) - Adding type registration java.util.Calendar -> org.hibernate.type.CalendarType@b9afc07
[2017-04-23 23:17:38,138]DEBUG  2173[main] - org.hibernate.type.BasicTypeRegistry.register(BasicTypeRegistry.java:135) - Adding type registration java.util.GregorianCalendar -> org.hibernate.type.CalendarType@b9afc07
[2017-04-23 23:17:38,143]DEBUG  2178[main] - org.hibernate.type.BasicTypeRegistry.register(BasicTypeRegistry.java:135) - Adding type registration calendar_date -> org.hibernate.type.CalendarDateType@80169cf
[2017-04-23 23:17:38,149]DEBUG  2184[main] - org.hibernate.type.BasicTypeRegistry.register(BasicTypeRegistry.java:135) - Adding type registration locale -> org.hibernate.type.LocaleType@6366ebe0
[2017-04-23 23:17:38,150]DEBUG  2185[main] - org.hibernate.type.BasicTypeRegistry.register(BasicTypeRegistry.java:135) - Adding type registration java.util.Locale -> org.hibernate.type.LocaleType@6366ebe0
[2017-04-23 23:17:38,156]DEBUG  2191[main] - org.hibernate.type.BasicTypeRegistry.register(BasicTypeRegistry.java:135) - Adding type registration currency -> org.hibernate.type.CurrencyType@27fe3806
[2017-04-23 23:17:38,157]DEBUG  2192[main] - org.hibernate.type.BasicTypeRegistry.register(BasicTypeRegistry.java:135) - Adding type registration java.util.Currency -> org.hibernate.type.CurrencyType@27fe3806
[2017-04-23 23:17:38,163]DEBUG  2198[main] - org.hibernate.type.BasicTypeRegistry.register(BasicTypeRegistry.java:135) - Adding type registration timezone -> org.hibernate.type.TimeZoneType@4b9e255
[2017-04-23 23:17:38,164]DEBUG  2199[main] - org.hibernate.type.BasicTypeRegistry.register(BasicTypeRegistry.java:135) - Adding type registration java.util.TimeZone -> org.hibernate.type.TimeZoneType@4b9e255
[2017-04-23 23:17:38,170]DEBUG  2205[main] - org.hibernate.type.BasicTypeRegistry.register(BasicTypeRegistry.java:135) - Adding type registration class -> org.hibernate.type.ClassType@7f416310
[2017-04-23 23:17:38,170]DEBUG  2205[main] - org.hibernate.type.BasicTypeRegistry.register(BasicTypeRegistry.java:135) - Adding type registration java.lang.Class -> org.hibernate.type.ClassType@7f416310
[2017-04-23 23:17:38,177]DEBUG  2212[main] - org.hibernate.type.BasicTypeRegistry.register(BasicTypeRegistry.java:135) - Adding type registration uuid-binary -> org.hibernate.type.UUIDBinaryType@71d15f18
[2017-04-23 23:17:38,178]DEBUG  2213[main] - org.hibernate.type.BasicTypeRegistry.register(BasicTypeRegistry.java:135) - Adding type registration java.util.UUID -> org.hibernate.type.UUIDBinaryType@71d15f18
[2017-04-23 23:17:38,182]DEBUG  2217[main] - org.hibernate.type.BasicTypeRegistry.register(BasicTypeRegistry.java:135) - Adding type registration uuid-char -> org.hibernate.type.UUIDCharType@de3a06f
[2017-04-23 23:17:38,188]DEBUG  2223[main] - org.hibernate.type.BasicTypeRegistry.register(BasicTypeRegistry.java:135) - Adding type registration binary -> org.hibernate.type.BinaryType@530612ba
[2017-04-23 23:17:38,189]DEBUG  2224[main] - org.hibernate.type.BasicTypeRegistry.register(BasicTypeRegistry.java:135) - Adding type registration byte[] -> org.hibernate.type.BinaryType@530612ba
[2017-04-23 23:17:38,190]DEBUG  2225[main] - org.hibernate.type.BasicTypeRegistry.register(BasicTypeRegistry.java:135) - Adding type registration [B -> org.hibernate.type.BinaryType@530612ba
[2017-04-23 23:17:38,194]DEBUG  2229[main] - org.hibernate.type.BasicTypeRegistry.register(BasicTypeRegistry.java:135) - Adding type registration wrapper-binary -> org.hibernate.type.WrapperBinaryType@70a9f84e
[2017-04-23 23:17:38,196]DEBUG  2231[main] - org.hibernate.type.BasicTypeRegistry.register(BasicTypeRegistry.java:135) - Adding type registration Byte[] -> org.hibernate.type.WrapperBinaryType@70a9f84e
[2017-04-23 23:17:38,197]DEBUG  2232[main] - org.hibernate.type.BasicTypeRegistry.register(BasicTypeRegistry.java:135) - Adding type registration [Ljava.lang.Byte; -> org.hibernate.type.WrapperBinaryType@70a9f84e
[2017-04-23 23:17:38,201]DEBUG  2236[main] - org.hibernate.type.BasicTypeRegistry.register(BasicTypeRegistry.java:135) - Adding type registration image -> org.hibernate.type.ImageType@166fa74d
[2017-04-23 23:17:38,218]DEBUG  2253[main] - org.hibernate.type.BasicTypeRegistry.register(BasicTypeRegistry.java:135) - Adding type registration characters -> org.hibernate.type.CharArrayType@7181ae3f
[2017-04-23 23:17:38,227]DEBUG  2262[main] - org.hibernate.type.BasicTypeRegistry.register(BasicTypeRegistry.java:135) - Adding type registration char[] -> org.hibernate.type.CharArrayType@7181ae3f
[2017-04-23 23:17:38,232]DEBUG  2267[main] - org.hibernate.type.BasicTypeRegistry.register(BasicTypeRegistry.java:135) - Adding type registration [C -> org.hibernate.type.CharArrayType@7181ae3f
[2017-04-23 23:17:38,240]DEBUG  2275[main] - org.hibernate.type.BasicTypeRegistry.register(BasicTypeRegistry.java:135) - Adding type registration wrapper-characters -> org.hibernate.type.CharacterArrayType@1efee8e7
[2017-04-23 23:17:38,241]DEBUG  2276[main] - org.hibernate.type.BasicTypeRegistry.register(BasicTypeRegistry.java:135) - Adding type registration [Ljava.lang.Character; -> org.hibernate.type.CharacterArrayType@1efee8e7
[2017-04-23 23:17:38,241]DEBUG  2276[main] - org.hibernate.type.BasicTypeRegistry.register(BasicTypeRegistry.java:135) - Adding type registration Character[] -> org.hibernate.type.CharacterArrayType@1efee8e7
[2017-04-23 23:17:38,246]DEBUG  2281[main] - org.hibernate.type.BasicTypeRegistry.register(BasicTypeRegistry.java:135) - Adding type registration text -> org.hibernate.type.TextType@32cf48b7
[2017-04-23 23:17:38,250]DEBUG  2285[main] - org.hibernate.type.BasicTypeRegistry.register(BasicTypeRegistry.java:135) - Adding type registration ntext -> org.hibernate.type.NTextType@799d4f69
[2017-04-23 23:17:38,279]DEBUG  2314[main] - org.hibernate.type.BasicTypeRegistry.register(BasicTypeRegistry.java:135) - Adding type registration blob -> org.hibernate.type.BlobType@3ffcd140
[2017-04-23 23:17:38,280]DEBUG  2315[main] - org.hibernate.type.BasicTypeRegistry.register(BasicTypeRegistry.java:135) - Adding type registration java.sql.Blob -> org.hibernate.type.BlobType@3ffcd140
[2017-04-23 23:17:38,283]DEBUG  2318[main] - org.hibernate.type.BasicTypeRegistry.register(BasicTypeRegistry.java:135) - Adding type registration materialized_blob -> org.hibernate.type.MaterializedBlobType@120d6fe6
[2017-04-23 23:17:38,307]DEBUG  2342[main] - org.hibernate.type.BasicTypeRegistry.register(BasicTypeRegistry.java:135) - Adding type registration clob -> org.hibernate.type.ClobType@641147d0
[2017-04-23 23:17:38,308]DEBUG  2343[main] - org.hibernate.type.BasicTypeRegistry.register(BasicTypeRegistry.java:135) - Adding type registration java.sql.Clob -> org.hibernate.type.ClobType@641147d0
[2017-04-23 23:17:38,328]DEBUG  2363[main] - org.hibernate.type.BasicTypeRegistry.register(BasicTypeRegistry.java:135) - Adding type registration nclob -> org.hibernate.type.NClobType@78a2da20
[2017-04-23 23:17:38,329]DEBUG  2364[main] - org.hibernate.type.BasicTypeRegistry.register(BasicTypeRegistry.java:135) - Adding type registration java.sql.NClob -> org.hibernate.type.NClobType@78a2da20
[2017-04-23 23:17:38,331]DEBUG  2366[main] - org.hibernate.type.BasicTypeRegistry.register(BasicTypeRegistry.java:135) - Adding type registration materialized_clob -> org.hibernate.type.MaterializedClobType@58fdd99
[2017-04-23 23:17:38,334]DEBUG  2369[main] - org.hibernate.type.BasicTypeRegistry.register(BasicTypeRegistry.java:135) - Adding type registration materialized_nclob -> org.hibernate.type.MaterializedNClobType@70b0b186
[2017-04-23 23:17:38,340]DEBUG  2375[main] - org.hibernate.type.BasicTypeRegistry.register(BasicTypeRegistry.java:135) - Adding type registration serializable -> org.hibernate.type.SerializableType@3d36e4cd
[2017-04-23 23:17:38,354]DEBUG  2389[main] - org.hibernate.type.BasicTypeRegistry.register(BasicTypeRegistry.java:135) - Adding type registration object -> org.hibernate.type.ObjectType@4d49af10
[2017-04-23 23:17:38,355]DEBUG  2390[main] - org.hibernate.type.BasicTypeRegistry.register(BasicTypeRegistry.java:135) - Adding type registration java.lang.Object -> org.hibernate.type.ObjectType@4d49af10
[2017-04-23 23:17:38,360]DEBUG  2395[main] - org.hibernate.type.BasicTypeRegistry.register(BasicTypeRegistry.java:135) - Adding type registration imm_date -> org.hibernate.type.AdaptedImmutableType@4450d156
[2017-04-23 23:17:38,361]DEBUG  2396[main] - org.hibernate.type.BasicTypeRegistry.register(BasicTypeRegistry.java:135) - Adding type registration imm_time -> org.hibernate.type.AdaptedImmutableType@4461c7e3
[2017-04-23 23:17:38,362]DEBUG  2397[main] - org.hibernate.type.BasicTypeRegistry.register(BasicTypeRegistry.java:135) - Adding type registration imm_timestamp -> org.hibernate.type.AdaptedImmutableType@351d0846
[2017-04-23 23:17:38,363]DEBUG  2398[main] - org.hibernate.type.BasicTypeRegistry.register(BasicTypeRegistry.java:135) - Adding type registration imm_dbtimestamp -> org.hibernate.type.AdaptedImmutableType@77e4c80f
[2017-04-23 23:17:38,363]DEBUG  2398[main] - org.hibernate.type.BasicTypeRegistry.register(BasicTypeRegistry.java:135) - Adding type registration imm_calendar -> org.hibernate.type.AdaptedImmutableType@35fc6dc4
[2017-04-23 23:17:38,364]DEBUG  2399[main] - org.hibernate.type.BasicTypeRegistry.register(BasicTypeRegistry.java:135) - Adding type registration imm_calendar_date -> org.hibernate.type.AdaptedImmutableType@7fe8ea47
[2017-04-23 23:17:38,365]DEBUG  2400[main] - org.hibernate.type.BasicTypeRegistry.register(BasicTypeRegistry.java:135) - Adding type registration imm_binary -> org.hibernate.type.AdaptedImmutableType@226a82c4
[2017-04-23 23:17:38,366]DEBUG  2401[main] - org.hibernate.type.BasicTypeRegistry.register(BasicTypeRegistry.java:135) - Adding type registration imm_serializable -> org.hibernate.type.AdaptedImmutableType@731f8236
[2017-04-23 23:17:38,418] WARN  2453[main] - org.hibernate.engine.jdbc.connections.internal.DriverManagerConnectionProviderImpl.configure(DriverManagerConnectionProviderImpl.java:76) - HHH000402: Using Hibernate built-in connection pool (not for production use!)
[2017-04-23 23:17:38,449] INFO  2484[main] - org.hibernate.engine.jdbc.connections.internal.DriverManagerConnectionProviderImpl.buildCreator(DriverManagerConnectionProviderImpl.java:149) - HHH000401: using driver [com.mysql.jdbc.Driver] at URL [jdbc:mysql://localhost:3306/tkcsapcd]
[2017-04-23 23:17:38,450] INFO  2485[main] - org.hibernate.engine.jdbc.connections.internal.DriverManagerConnectionProviderImpl.buildCreator(DriverManagerConnectionProviderImpl.java:155) - HHH000046: Connection properties: {user=root, password=josue123}
[2017-04-23 23:17:38,451] INFO  2486[main] - org.hibernate.engine.jdbc.connections.internal.DriverManagerConnectionProviderImpl.buildCreator(DriverManagerConnectionProviderImpl.java:163) - HHH000006: Autocommit mode: false
[2017-04-23 23:17:38,459] INFO  2494[main] - org.hibernate.engine.jdbc.connections.internal.DriverManagerConnectionProviderImpl.configure(DriverManagerConnectionProviderImpl.java:85) - HHH000115: Hibernate connection pool size: 1 (min=1)
[2017-04-23 23:17:38,460]DEBUG  2495[main] - org.jboss.logging.DelegatingBasicLogger.debugf(DelegatingBasicLogger.java:384) - Initializing Connection pool with 1 Connections
[2017-04-23 23:17:39,809]DEBUG  3844[main] - org.hibernate.engine.jdbc.env.internal.JdbcEnvironmentInitiator.initiateService(JdbcEnvironmentInitiator.java:72) - Database ->
       name : MySQL
    version : 5.1.71-community
      major : 5
      minor : 1
[2017-04-23 23:17:39,811]DEBUG  3846[main] - org.hibernate.engine.jdbc.env.internal.JdbcEnvironmentInitiator.initiateService(JdbcEnvironmentInitiator.java:83) - Driver ->
       name : MySQL-AB JDBC Driver
    version : mysql-connector-java-5.1.16 ( Revision: ${bzr.revision-id} )
      major : 5
      minor : 1
[2017-04-23 23:17:39,812]DEBUG  3847[main] - org.jboss.logging.DelegatingBasicLogger.debugf(DelegatingBasicLogger.java:389) - JDBC version : 4.0
[2017-04-23 23:17:39,863] INFO  3898[main] - org.hibernate.dialect.Dialect.<init>(Dialect.java:154) - HHH000400: Using dialect: org.hibernate.dialect.MySQL5InnoDBDialect
[2017-04-23 23:17:39,931]DEBUG  3966[main] - org.hibernate.engine.jdbc.cursor.internal.StandardRefCursorSupport.supportsRefCursors(StandardRefCursorSupport.java:170) - Unexpected error trying to gauge level of JDBC REF_CURSOR support : null
[2017-04-23 23:17:40,034]DEBUG  4069[main] - org.hibernate.engine.jdbc.env.spi.IdentifierHelperBuilder.applyIdentifierCasing(IdentifierHelperBuilder.java:116) - JDBC driver metadata reported database stores quoted identifiers in more than one case
[2017-04-23 23:17:40,047]DEBUG  4082[main] - org.hibernate.engine.jdbc.env.spi.IdentifierHelperBuilder.build(IdentifierHelperBuilder.java:182) - IdentifierCaseStrategy for both quoted and unquoted identifiers was set to the same strategy [LOWER]; that will likely lead to problems in schema update and validation if using quoted identifiers
[2017-04-23 23:17:40,886]DEBUG  4921[main] - org.hibernate.id.factory.internal.DefaultIdentifierGeneratorFactory.register(DefaultIdentifierGeneratorFactory.java:78) - Registering IdentifierGenerator strategy [uuid2] -> [org.hibernate.id.UUIDGenerator]
[2017-04-23 23:17:40,889]DEBUG  4924[main] - org.hibernate.id.factory.internal.DefaultIdentifierGeneratorFactory.register(DefaultIdentifierGeneratorFactory.java:78) - Registering IdentifierGenerator strategy [guid] -> [org.hibernate.id.GUIDGenerator]
[2017-04-23 23:17:40,892]DEBUG  4927[main] - org.hibernate.id.factory.internal.DefaultIdentifierGeneratorFactory.register(DefaultIdentifierGeneratorFactory.java:78) - Registering IdentifierGenerator strategy [uuid] -> [org.hibernate.id.UUIDHexGenerator]
[2017-04-23 23:17:40,893]DEBUG  4928[main] - org.hibernate.id.factory.internal.DefaultIdentifierGeneratorFactory.register(DefaultIdentifierGeneratorFactory.java:78) - Registering IdentifierGenerator strategy [uuid.hex] -> [org.hibernate.id.UUIDHexGenerator]
[2017-04-23 23:17:40,895]DEBUG  4930[main] - org.hibernate.id.factory.internal.DefaultIdentifierGeneratorFactory.register(DefaultIdentifierGeneratorFactory.java:78) - Registering IdentifierGenerator strategy [assigned] -> [org.hibernate.id.Assigned]
[2017-04-23 23:17:40,900]DEBUG  4935[main] - org.hibernate.id.factory.internal.DefaultIdentifierGeneratorFactory.register(DefaultIdentifierGeneratorFactory.java:78) - Registering IdentifierGenerator strategy [identity] -> [org.hibernate.id.IdentityGenerator]
[2017-04-23 23:17:40,902]DEBUG  4937[main] - org.hibernate.id.factory.internal.DefaultIdentifierGeneratorFactory.register(DefaultIdentifierGeneratorFactory.java:78) - Registering IdentifierGenerator strategy [select] -> [org.hibernate.id.SelectGenerator]
[2017-04-23 23:17:40,907]DEBUG  4942[main] - org.hibernate.id.factory.internal.DefaultIdentifierGeneratorFactory.register(DefaultIdentifierGeneratorFactory.java:78) - Registering IdentifierGenerator strategy [sequence] -> [org.hibernate.id.enhanced.SequenceStyleGenerator]
[2017-04-23 23:17:40,910]DEBUG  4945[main] - org.hibernate.id.factory.internal.DefaultIdentifierGeneratorFactory.register(DefaultIdentifierGeneratorFactory.java:78) - Registering IdentifierGenerator strategy [seqhilo] -> [org.hibernate.id.SequenceHiLoGenerator]
[2017-04-23 23:17:40,912]DEBUG  4947[main] - org.hibernate.id.factory.internal.DefaultIdentifierGeneratorFactory.register(DefaultIdentifierGeneratorFactory.java:78) - Registering IdentifierGenerator strategy [increment] -> [org.hibernate.id.IncrementGenerator]
[2017-04-23 23:17:40,914]DEBUG  4949[main] - org.hibernate.id.factory.internal.DefaultIdentifierGeneratorFactory.register(DefaultIdentifierGeneratorFactory.java:78) - Registering IdentifierGenerator strategy [foreign] -> [org.hibernate.id.ForeignGenerator]
[2017-04-23 23:17:40,916]DEBUG  4951[main] - org.hibernate.id.factory.internal.DefaultIdentifierGeneratorFactory.register(DefaultIdentifierGeneratorFactory.java:78) - Registering IdentifierGenerator strategy [sequence-identity] -> [org.hibernate.id.SequenceIdentityGenerator]
[2017-04-23 23:17:40,917]DEBUG  4952[main] - org.hibernate.id.factory.internal.DefaultIdentifierGeneratorFactory.register(DefaultIdentifierGeneratorFactory.java:78) - Registering IdentifierGenerator strategy [enhanced-sequence] -> [org.hibernate.id.enhanced.SequenceStyleGenerator]
[2017-04-23 23:17:40,920]DEBUG  4955[main] - org.hibernate.id.factory.internal.DefaultIdentifierGeneratorFactory.register(DefaultIdentifierGeneratorFactory.java:78) - Registering IdentifierGenerator strategy [enhanced-table] -> [org.hibernate.id.enhanced.TableGenerator]
[2017-04-23 23:17:41,043]DEBUG  5078[main] - org.hibernate.boot.model.relational.Namespace.<init>(Namespace.java:47) - Created database namespace [logicalName=Name{catalog=null, schema=null}, physicalName=Name{catalog=null, schema=null}]
[2017-04-23 23:17:41,265]DEBUG  5300[main] - org.hibernate.internal.SessionFactoryImpl.<init>(SessionFactoryImpl.java:210) - Building session factory
[2017-04-23 23:17:41,271]DEBUG  5306[main] - org.hibernate.cfg.Settings.<init>(Settings.java:69) - SessionFactory name : null
[2017-04-23 23:17:41,272]DEBUG  5307[main] - org.hibernate.cfg.Settings.<init>(Settings.java:70) - Automatic flush during beforeCompletion(): disabled
[2017-04-23 23:17:41,272]DEBUG  5307[main] - org.hibernate.cfg.Settings.<init>(Settings.java:71) - Automatic session close at end of transaction: disabled
[2017-04-23 23:17:41,273]DEBUG  5308[main] - org.hibernate.cfg.Settings.<init>(Settings.java:73) - Statistics: disabled
[2017-04-23 23:17:41,274]DEBUG  5309[main] - org.hibernate.cfg.Settings.<init>(Settings.java:75) - Deleted entity synthetic identifier rollback: disabled
[2017-04-23 23:17:41,275]DEBUG  5310[main] - org.hibernate.cfg.Settings.<init>(Settings.java:76) - Default entity-mode: pojo
[2017-04-23 23:17:41,276]DEBUG  5311[main] - org.hibernate.cfg.Settings.<init>(Settings.java:77) - Check Nullability in Core (should be disabled when Bean Validation is on): enabled
[2017-04-23 23:17:41,276]DEBUG  5311[main] - org.hibernate.cfg.Settings.<init>(Settings.java:78) - Allow initialization of lazy state outside session : disabled
[2017-04-23 23:17:41,277]DEBUG  5312[main] - org.hibernate.cfg.Settings.<init>(Settings.java:80) - Using BatchFetchStyle : LEGACY
[2017-04-23 23:17:41,278]DEBUG  5313[main] - org.hibernate.cfg.Settings.<init>(Settings.java:81) - Default batch fetch size: -1
[2017-04-23 23:17:41,278]DEBUG  5313[main] - org.hibernate.cfg.Settings.<init>(Settings.java:82) - Maximum outer join fetch depth: 2
[2017-04-23 23:17:41,279]DEBUG  5314[main] - org.hibernate.cfg.Settings.<init>(Settings.java:83) - Default null ordering: NONE
[2017-04-23 23:17:41,280]DEBUG  5315[main] - org.hibernate.cfg.Settings.<init>(Settings.java:84) - Order SQL updates by primary key: disabled
[2017-04-23 23:17:41,280]DEBUG  5315[main] - org.hibernate.cfg.Settings.<init>(Settings.java:85) - Order SQL inserts for batching: disabled
[2017-04-23 23:17:41,281]DEBUG  5316[main] - org.hibernate.cfg.Settings.<init>(Settings.java:87) - multi-tenancy strategy : NONE
[2017-04-23 23:17:41,281]DEBUG  5316[main] - org.hibernate.cfg.Settings.<init>(Settings.java:89) - JTA Track by Thread: enabled
[2017-04-23 23:17:41,282]DEBUG  5317[main] - org.hibernate.cfg.Settings.<init>(Settings.java:91) - Query language substitutions: {}
[2017-04-23 23:17:41,282]DEBUG  5317[main] - org.hibernate.cfg.Settings.<init>(Settings.java:92) - JPA query language strict compliance: disabled
[2017-04-23 23:17:41,283]DEBUG  5318[main] - org.hibernate.cfg.Settings.<init>(Settings.java:93) - Named query checking : enabled
[2017-04-23 23:17:41,284]DEBUG  5319[main] - org.hibernate.cfg.Settings.<init>(Settings.java:95) - Second-level cache: enabled
[2017-04-23 23:17:41,285]DEBUG  5320[main] - org.hibernate.cfg.Settings.<init>(Settings.java:96) - Second-level query cache: disabled
[2017-04-23 23:17:41,286]DEBUG  5321[main] - org.hibernate.cfg.Settings.<init>(Settings.java:97) - Second-level query cache factory: org.hibernate.cache.internal.StandardQueryCacheFactory@2f54a33d
[2017-04-23 23:17:41,286]DEBUG  5321[main] - org.hibernate.cfg.Settings.<init>(Settings.java:98) - Second-level cache region prefix: null
[2017-04-23 23:17:41,287]DEBUG  5322[main] - org.hibernate.cfg.Settings.<init>(Settings.java:99) - Optimize second-level cache for minimal puts: disabled
[2017-04-23 23:17:41,288]DEBUG  5323[main] - org.hibernate.cfg.Settings.<init>(Settings.java:100) - Structured second-level cache entries: disabled
[2017-04-23 23:17:41,288]DEBUG  5323[main] - org.hibernate.cfg.Settings.<init>(Settings.java:101) - Second-level cache direct-reference entries: disabled
[2017-04-23 23:17:41,289]DEBUG  5324[main] - org.hibernate.cfg.Settings.<init>(Settings.java:102) - Automatic eviction of collection cache: disabled
[2017-04-23 23:17:41,292]DEBUG  5327[main] - org.hibernate.cfg.Settings.<init>(Settings.java:104) - JDBC batch size: 15
[2017-04-23 23:17:41,293]DEBUG  5328[main] - org.hibernate.cfg.Settings.<init>(Settings.java:105) - JDBC batch updates for versioned data: enabled
[2017-04-23 23:17:41,294]DEBUG  5329[main] - org.hibernate.cfg.Settings.<init>(Settings.java:106) - Scrollable result sets: enabled
[2017-04-23 23:17:41,294]DEBUG  5329[main] - org.hibernate.cfg.Settings.<init>(Settings.java:107) - Wrap result sets: disabled
[2017-04-23 23:17:41,295]DEBUG  5330[main] - org.hibernate.cfg.Settings.<init>(Settings.java:108) - JDBC3 getGeneratedKeys(): enabled
[2017-04-23 23:17:41,296]DEBUG  5331[main] - org.hibernate.cfg.Settings.<init>(Settings.java:109) - JDBC result set fetch size: null
[2017-04-23 23:17:41,297]DEBUG  5332[main] - org.hibernate.cfg.Settings.<init>(Settings.java:110) - Connection release mode: ON_CLOSE
[2017-04-23 23:17:41,298]DEBUG  5333[main] - org.hibernate.cfg.Settings.<init>(Settings.java:111) - Generate SQL with comments: disabled
[2017-04-23 23:17:41,572]DEBUG  5607[main] - org.hibernate.internal.SessionFactoryImpl.<init>(SessionFactoryImpl.java:255) - Session factory constructed with filter configurations : {}
[2017-04-23 23:17:41,573]DEBUG  5608[main] - org.hibernate.internal.SessionFactoryImpl.<init>(SessionFactoryImpl.java:256) - Instantiating session factory with properties: {hibernate.connection.password=josue123, java.runtime.name=Java(TM) SE Runtime Environment, java.vm.version=25.131-b11, hibernate.cache.provider_class=org.hibernate.cache.internal.NoCacheProvider, sun.boot.library.path=C:\Program Files\Java\jre1.8.0_131\bin, hibernate.connection.username=root, hibernate.boot.CfgXmlAccessService.key=org.hibernate.boot.cfgxml.spi.LoadedConfig@6cd28fa7, java.vm.vendor=Oracle Corporation, java.vendor.url=http://java.oracle.com/, path.separator=;, java.vm.name=Java HotSpot(TM) 64-Bit Server VM, file.encoding.pkg=sun.io, sun.os.patch.level=, user.script=, user.country=US, sun.java.launcher=SUN_STANDARD, java.vm.specification.name=Java Virtual Machine Specification, user.dir=C:\Users\Josue\workspace\Tkcsapcd_cadastros, java.runtime.version=1.8.0_131-b11, java.awt.graphicsenv=sun.awt.Win32GraphicsEnvironment, os.arch=amd64, hibernate.current_session_context_class=thread, java.endorsed.dirs=C:\Program Files\Java\jre1.8.0_131\lib\endorsed, java.io.tmpdir=C:\Users\Josue\AppData\Local\Temp\, line.separator=
, java.vm.specification.vendor=Oracle Corporation, user.variant=, os.name=Windows 8, sun.jnu.encoding=Cp1252, java.library.path=C:\Program Files\Java\jre1.8.0_131\bin;C:\Windows\Sun\Java\bin;C:\Windows\system32;C:\Windows;C:\ProgramData\Oracle\Java\javapath;C:\Windows\system32;C:\Windows;C:\Windows\System32\Wbem;C:\Windows\System32\WindowsPowerShell\v1.0\;C:\Program Files (x86)\NVIDIA Corporation\PhysX\Common;C:\Program Files (x86)\MySQL\MySQL Server 5.1\bin;C:\Program Files\Java\jdk1.8.0_131\bin;;., java.class.version=52.0, java.specification.name=Java Platform API Specification, hibernate.connection.pool_size=1, sun.management.compiler=HotSpot 64-Bit Tiered Compilers, os.version=6.2, user.home=C:\Users\Josue, user.timezone=America/Sao_Paulo, java.awt.printerjob=sun.awt.windows.WPrinterJob, file.encoding=Cp1252, java.specification.version=1.8, hibernate.format_sql=true, hibernate.connection.driver_class=com.mysql.jdbc.Driver, user.name=Josue, java.class.path=C:\Users\Josue\workspace\Tkcsapcd_cadastros\build\classes;C:\Users\Josue\workspace\Tkcsapcd_cadastros\WebContent\WEB-INF\lib\antlr-2.7.7.jar;C:\Users\Josue\workspace\Tkcsapcd_cadastros\WebContent\WEB-INF\lib\c3p0-0.9.5.1.jar;C:\Users\Josue\workspace\Tkcsapcd_cadastros\WebContent\WEB-INF\lib\c3p0-oracle-thin-extras-0.9.5.1.jar;C:\Users\Josue\workspace\Tkcsapcd_cadastros\WebContent\WEB-INF\lib\classmate-1.3.0.jar;C:\Users\Josue\workspace\Tkcsapcd_cadastros\WebContent\WEB-INF\lib\commons-beanutils-1.8.0.jar;C:\Users\Josue\workspace\Tkcsapcd_cadastros\WebContent\WEB-INF\lib\commons-beanutils-1.8.2.jar;C:\Users\Josue\workspace\Tkcsapcd_cadastros\WebContent\WEB-INF\lib\commons-collections-3.2.1.jar;C:\Users\Josue\workspace\Tkcsapcd_cadastros\WebContent\WEB-INF\lib\commons-dbcp2-2.1.1-javadoc.jar;C:\Users\Josue\workspace\Tkcsapcd_cadastros\WebContent\WEB-INF\lib\commons-dbcp2-2.1.1.jar;C:\Users\Josue\workspace\Tkcsapcd_cadastros\WebContent\WEB-INF\lib\commons-digester-1.7.jar;C:\Users\Josue\workspace\Tkcsapcd_cadastros\WebContent\WEB-INF\lib\commons-digester-2.1.jar;C:\Users\Josue\workspace\Tkcsapcd_cadastros\WebContent\WEB-INF\lib\commons-email-1.3.3-javadoc.jar;C:\Users\Josue\workspace\Tkcsapcd_cadastros\WebContent\WEB-INF\lib\commons-email-1.3.3.jar;C:\Users\Josue\workspace\Tkcsapcd_cadastros\WebContent\WEB-INF\lib\commons-fileupload-1.3.1.jar;C:\Users\Josue\workspace\Tkcsapcd_cadastros\WebContent\WEB-INF\lib\commons-io-2.4-javadoc.jar;C:\Users\Josue\workspace\Tkcsapcd_cadastros\WebContent\WEB-INF\lib\commons-io-2.4-sources.jar;C:\Users\Josue\workspace\Tkcsapcd_cadastros\WebContent\WEB-INF\lib\commons-io-2.4-test-sources.jar;C:\Users\Josue\workspace\Tkcsapcd_cadastros\WebContent\WEB-INF\lib\commons-io-2.4-tests.jar;C:\Users\Josue\workspace\Tkcsapcd_cadastros\WebContent\WEB-INF\lib\commons-io-2.4.jar;C:\Users\Josue\workspace\Tkcsapcd_cadastros\WebContent\WEB-INF\lib\commons-logging-1.1.jar;C:\Users\Josue\workspace\Tkcsapcd_cadastros\WebContent\WEB-INF\lib\dom4j-1.6.1.jar;C:\Users\Josue\workspace\Tkcsapcd_cadastros\WebContent\WEB-INF\lib\dsn.jar;C:\Users\Josue\workspace\Tkcsapcd_cadastros\WebContent\WEB-INF\lib\dwr.jar;C:\Users\Josue\workspace\Tkcsapcd_cadastros\WebContent\WEB-INF\lib\gimap.jar;C:\Users\Josue\workspace\Tkcsapcd_cadastros\WebContent\WEB-INF\lib\groovy-all-1.5.5.jar;C:\Users\Josue\workspace\Tkcsapcd_cadastros\WebContent\WEB-INF\lib\gson-2.3.1.jar;C:\Users\Josue\workspace\Tkcsapcd_cadastros\WebContent\WEB-INF\lib\hibernate-commons-annotations-4.0.5.Final.jar;C:\Users\Josue\workspace\Tkcsapcd_cadastros\WebContent\WEB-INF\lib\hibernate-commons-annotations-5.0.0.Final.jar;C:\Users\Josue\workspace\Tkcsapcd_cadastros\WebContent\WEB-INF\lib\hibernate-commons-annotations-5.0.1.Final.jar;C:\Users\Josue\workspace\Tkcsapcd_cadastros\WebContent\WEB-INF\lib\hibernate-core-5.0.1.Final.jar;C:\Users\Josue\workspace\Tkcsapcd_cadastros\WebContent\WEB-INF\lib\hibernate-core-5.2.10.Final.jar;C:\Users\Josue\workspace\Tkcsapcd_cadastros\WebContent\WEB-INF\lib\hibernate-jpa-2.1-api-1.0.0.Final.jar;C:\Users\Josue\workspace\Tkcsapcd_cadastros\WebContent\WEB-INF\lib\hibernate-jpamodelgen-5.2.10.Final.jar;C:\Users\Josue\workspace\Tkcsapcd_cadastros\WebContent\WEB-INF\lib\iText-2.1.0.jar;C:\Users\Josue\workspace\Tkcsapcd_cadastros\WebContent\WEB-INF\lib\iText-2.1.7.js2.jar;C:\Users\Josue\workspace\Tkcsapcd_cadastros\WebContent\WEB-INF\lib\imap.jar;C:\Users\Josue\workspace\Tkcsapcd_cadastros\WebContent\WEB-INF\lib\jandex-2.0.3.Final.jar;C:\Users\Josue\workspace\Tkcsapcd_cadastros\WebContent\WEB-INF\lib\jasperreports-3.7.3.jar;C:\Users\Josue\workspace\Tkcsapcd_cadastros\WebContent\WEB-INF\lib\jasperreports-5.5.0.jar;C:\Users\Josue\workspace\Tkcsapcd_cadastros\WebContent\WEB-INF\lib\javaplanner-1.5.jar;C:\Users\Josue\workspace\Tkcsapcd_cadastros\WebContent\WEB-INF\lib\javassist-3.18.1-GA.jar;C:\Users\Josue\workspace\Tkcsapcd_cadastros\WebContent\WEB-INF\lib\javassist-3.20.0-GA.jar;C:\Users\Josue\workspace\Tkcsapcd_cadastros\WebContent\WEB-INF\lib\javax.servlet-3.0.jar;C:\Users\Josue\workspace\Tkcsapcd_cadastros\WebContent\WEB-INF\lib\javax.servlet.jar;C:\Users\Josue\workspace\Tkcsapcd_cadastros\WebContent\WEB-INF\lib\javax.servlet.jsp.jstl-1.2.1.jar;C:\Users\Josue\workspace\Tkcsapcd_cadastros\WebContent\WEB-INF\lib\javax.servlet.jsp.jstl-api-1.2.1.jar;C:\Users\Josue\workspace\Tkcsapcd_cadastros\WebContent\WEB-INF\lib\jboss-logging-3.3.0.Final.jar;C:\Users\Josue\workspace\Tkcsapcd_cadastros\WebContent\WEB-INF\lib\jboss-transaction-api_1.2_spec-1.0.1.Final.jar;C:\Users\Josue\workspace\Tkcsapcd_cadastros\WebContent\WEB-INF\lib\jstl-1.2.jar;C:\Users\Josue\workspace\Tkcsapcd_cadastros\WebContent\WEB-INF\lib\jxl-2.6.jar;C:\Users\Josue\workspace\Tkcsapcd_cadastros\WebContent\WEB-INF\lib\log4j-1.2.17.jar;C:\Users\Josue\workspace\Tkcsapcd_cadastros\WebContent\WEB-INF\lib\lucene-core-5.3.0.jar;C:\Users\Josue\workspace\Tkcsapcd_cadastros\WebContent\WEB-INF\lib\mail.jar;C:\Users\Josue\workspace\Tkcsapcd_cadastros\WebContent\WEB-INF\lib\mailapi.jar;C:\Users\Josue\workspace\Tkcsapcd_cadastros\WebContent\WEB-INF\lib\mchange-commons-java-0.2.10.jar;C:\Users\Josue\workspace\Tkcsapcd_cadastros\WebContent\WEB-INF\lib\mysql-connector-java-5.1.16-bin.jar;C:\Users\Josue\workspace\Tkcsapcd_cadastros\WebContent\WEB-INF\lib\pop3.jar;C:\Users\Josue\workspace\Tkcsapcd_cadastros\WebContent\WEB-INF\lib\slf4j-api-1.6.1.jar;C:\Users\Josue\workspace\Tkcsapcd_cadastros\WebContent\WEB-INF\lib\smtp.jar;C:\Users\Josue\workspace\Tkcsapcd_cadastros\WebContent\WEB-INF\lib\xml-apis-1.3.03.jar;C:\Users\Josue\Documents\Apache\apache-tomcat-7.0.52\lib\annotations-api.jar;C:\Users\Josue\Documents\Apache\apache-tomcat-7.0.52\lib\catalina-ant.jar;C:\Users\Josue\Documents\Apache\apache-tomcat-7.0.52\lib\catalina-ha.jar;C:\Users\Josue\Documents\Apache\apache-tomcat-7.0.52\lib\catalina-tribes.jar;C:\Users\Josue\Documents\Apache\apache-tomcat-7.0.52\lib\catalina.jar;C:\Users\Josue\Documents\Apache\apache-tomcat-7.0.52\lib\ecj-4.3.1.jar;C:\Users\Josue\Documents\Apache\apache-tomcat-7.0.52\lib\el-api.jar;C:\Users\Josue\Documents\Apache\apache-tomcat-7.0.52\lib\jasper-el.jar;C:\Users\Josue\Documents\Apache\apache-tomcat-7.0.52\lib\jasper.jar;C:\Users\Josue\Documents\Apache\apache-tomcat-7.0.52\lib\jsp-api.jar;C:\Users\Josue\Documents\Apache\apache-tomcat-7.0.52\lib\mysql-connector-java-5.1.13-bin.jar;C:\Users\Josue\Documents\Apache\apache-tomcat-7.0.52\lib\servlet-api.jar;C:\Users\Josue\Documents\Apache\apache-tomcat-7.0.52\lib\tomcat-api.jar;C:\Users\Josue\Documents\Apache\apache-tomcat-7.0.52\lib\tomcat-coyote.jar;C:\Users\Josue\Documents\Apache\apache-tomcat-7.0.52\lib\tomcat-dbcp.jar;C:\Users\Josue\Documents\Apache\apache-tomcat-7.0.52\lib\tomcat-i18n-es.jar;C:\Users\Josue\Documents\Apache\apache-tomcat-7.0.52\lib\tomcat-i18n-fr.jar;C:\Users\Josue\Documents\Apache\apache-tomcat-7.0.52\lib\tomcat-i18n-ja.jar;C:\Users\Josue\Documents\Apache\apache-tomcat-7.0.52\lib\tomcat-jdbc.jar;C:\Users\Josue\Documents\Apache\apache-tomcat-7.0.52\lib\tomcat-util.jar;C:\Users\Josue\Documents\Apache\apache-tomcat-7.0.52\lib\tomcat7-websocket.jar;C:\Users\Josue\Documents\Apache\apache-tomcat-7.0.52\lib\websocket-api.jar, hibernate.bytecode.use_reflection_optimizer=false, hibernate.show_sql=true, java.vm.specification.version=1.8, sun.arch.data.model=64, sun.java.command=br.com.tkcsapcd.model.main.HibernateUtilTest, java.home=C:\Program Files\Java\jre1.8.0_131, hibernate.connection.url=jdbc:mysql://localhost:3306/tkcsapcd, hibernate.dialect=org.hibernate.dialect.MySQL5InnoDBDialect, user.language=en, java.specification.vendor=Oracle Corporation, awt.toolkit=sun.awt.windows.WToolkit, java.vm.info=mixed mode, java.version=1.8.0_131, java.ext.dirs=C:\Program Files\Java\jre1.8.0_131\lib\ext;C:\Windows\Sun\Java\lib\ext, sun.boot.class.path=C:\Program Files\Java\jre1.8.0_131\lib\resources.jar;C:\Program Files\Java\jre1.8.0_131\lib\rt.jar;C:\Program Files\Java\jre1.8.0_131\lib\sunrsasign.jar;C:\Program Files\Java\jre1.8.0_131\lib\jsse.jar;C:\Program Files\Java\jre1.8.0_131\lib\jce.jar;C:\Program Files\Java\jre1.8.0_131\lib\charsets.jar;C:\Program Files\Java\jre1.8.0_131\lib\jfr.jar;C:\Program Files\Java\jre1.8.0_131\classes, java.vendor=Oracle Corporation, file.separator=\, java.vendor.url.bug=http://bugreport.sun.com/bugreport/, hibernate.hbm2ddl.auto=create, sun.io.unicode.encoding=UnicodeLittle, sun.cpu.endian=little, sun.desktop=windows, sun.cpu.isalist=amd64}
[2017-04-23 23:17:41,637]DEBUG  5672[main] - org.hibernate.secure.spi.JaccIntegrator.doIntegration(JaccIntegrator.java:80) - Skipping JACC integration as it was not enabled
[2017-04-23 23:17:41,657]DEBUG  5692[main] - org.hibernate.internal.SessionFactoryImpl.<init>(SessionFactoryImpl.java:462) - Instantiated session factory
[2017-04-23 23:17:41,700] INFO  5735[main] - org.hibernate.tool.hbm2ddl.SchemaExport.execute(SchemaExport.java:400) - HHH000227: Running hbm2ddl schema export
[2017-04-23 23:17:41,702]DEBUG  5737[main] - org.hibernate.tool.hbm2ddl.SchemaExport.execute(SchemaExport.java:408) - Import file not found: /import.sql
[2017-04-23 23:17:41,713] INFO  5748[main] - org.hibernate.tool.hbm2ddl.SchemaExport.execute(SchemaExport.java:463) - HHH000230: Schema export complete
[2017-04-23 23:17:41,726]DEBUG  5761[main] - org.hibernate.internal.NamedQueryRepository.checkNamedQueries(NamedQueryRepository.java:149) - Checking 0 named HQL queries
[2017-04-23 23:17:41,727]DEBUG  5762[main] - org.hibernate.internal.NamedQueryRepository.checkNamedQueries(NamedQueryRepository.java:165) - Checking 0 named SQL queries
[2017-04-23 23:17:41,737]DEBUG  5772[main] - org.hibernate.internal.SessionFactoryRegistry.<init>(SessionFactoryRegistry.java:52) - Initializing SessionFactoryRegistry : org.hibernate.internal.SessionFactoryRegistry@130c12b7
[2017-04-23 23:17:41,748]DEBUG  5783[main] - org.hibernate.internal.SessionFactoryRegistry.addSessionFactory(SessionFactoryRegistry.java:74) - Registering SessionFactory: 8a1c2f0a-b390-421a-b3b6-eaf6aecb306a (<unnamed>)
[2017-04-23 23:17:41,748]DEBUG  5783[main] - org.hibernate.internal.SessionFactoryRegistry.addSessionFactory(SessionFactoryRegistry.java:81) - Not binding SessionFactory to JNDI, no JNDI name configured
[2017-04-23 23:17:41,973]DEBUG  6008[main] - org.hibernate.stat.internal.StatisticsInitiator.initiateServiceInternal(StatisticsInitiator.java:82) - Statistics initialized [enabled=false]
[2017-04-23 23:17:41,987]DEBUG  6022[main] - org.hibernate.internal.SessionFactoryImpl.close(SessionFactoryImpl.java:1047) - HHH000031: Closing
[2017-04-23 23:17:41,991]DEBUG  6026[main] - org.hibernate.service.internal.AbstractServiceRegistryImpl.deRegisterChild(AbstractServiceRegistryImpl.java:389) - Implicitly destroying ServiceRegistry on de-registration of all child ServiceRegistries
[2017-04-23 23:17:41,993] INFO  6028[main] - org.hibernate.engine.jdbc.connections.internal.DriverManagerConnectionProviderImpl.stop(DriverManagerConnectionProviderImpl.java:259) - HHH000030: Cleaning up connection pool [jdbc:mysql://localhost:3306/tkcsapcd]
[2017-04-23 23:17:42,000]DEBUG  6035[main] - org.hibernate.boot.registry.internal.BootstrapServiceRegistryImpl.deRegisterChild(BootstrapServiceRegistryImpl.java:286) - Implicitly destroying Boot-strap registry on de-registration of all child ServiceRegistries
[2017-04-23 23:18:21,716]DEBUG     0[main] - org.hibernate.internal.CoreLogging.messageLogger(CoreLogging.java:28) - Logging Provider: org.jboss.logging.Log4jLoggerProvider
[2017-04-23 23:18:21,796]DEBUG    80[main] - org.hibernate.integrator.internal.IntegratorServiceImpl.addIntegrator(IntegratorServiceImpl.java:46) - Adding Integrator [org.hibernate.cfg.beanvalidation.BeanValidationIntegrator].
[2017-04-23 23:18:21,810]DEBUG    94[main] - org.hibernate.integrator.internal.IntegratorServiceImpl.addIntegrator(IntegratorServiceImpl.java:46) - Adding Integrator [org.hibernate.secure.spi.JaccIntegrator].
[2017-04-23 23:18:21,826]DEBUG   110[main] - org.hibernate.integrator.internal.IntegratorServiceImpl.addIntegrator(IntegratorServiceImpl.java:46) - Adding Integrator [org.hibernate.cache.internal.CollectionCacheInvalidator].
[2017-04-23 23:18:22,497] INFO   781[main] - org.hibernate.Version.logVersion(Version.java:37) - HHH000412: Hibernate Core {5.0.1.Final}
[2017-04-23 23:18:22,514] INFO   798[main] - org.hibernate.cfg.Environment.<clinit>(Environment.java:213) - HHH000206: hibernate.properties not found
[2017-04-23 23:18:22,531] INFO   815[main] - org.hibernate.cfg.Environment.buildBytecodeProvider(Environment.java:317) - HHH000021: Bytecode provider name : javassist
[2017-04-23 23:18:22,722]DEBUG  1006[main] - org.hibernate.boot.jaxb.internal.stax.LocalXmlResourceResolver.resolveEntity(LocalXmlResourceResolver.java:57) - Interpreting public/system identifier : [-//Hibernate/Hibernate Configuration DTD 3.0//EN] - [http://www.hibernate.org/dtd/hibernate-configuration-3.0.dtd]
[2017-04-23 23:18:22,723]DEBUG  1007[main] - org.hibernate.boot.jaxb.internal.stax.LocalXmlResourceResolver.resolveEntity(LocalXmlResourceResolver.java:85) - Recognized hibernate-configuration identifier; attempting to resolve on classpath under org/hibernate/
[2017-04-23 23:18:22,748]DEBUG  1032[main] - org.hibernate.boot.cfgxml.internal.JaxbCfgProcessor.unmarshal(JaxbCfgProcessor.java:116) - cfg.xml document did not define namespaces; wrapping in custom event reader to introduce namespace information
[2017-04-23 23:18:23,316]DEBUG  1600[main] - org.hibernate.integrator.internal.IntegratorServiceImpl.addIntegrator(IntegratorServiceImpl.java:46) - Adding Integrator [org.hibernate.cfg.beanvalidation.BeanValidationIntegrator].
[2017-04-23 23:18:23,317]DEBUG  1601[main] - org.hibernate.integrator.internal.IntegratorServiceImpl.addIntegrator(IntegratorServiceImpl.java:46) - Adding Integrator [org.hibernate.secure.spi.JaccIntegrator].
[2017-04-23 23:18:23,318]DEBUG  1602[main] - org.hibernate.integrator.internal.IntegratorServiceImpl.addIntegrator(IntegratorServiceImpl.java:46) - Adding Integrator [org.hibernate.cache.internal.CollectionCacheInvalidator].
[2017-04-23 23:18:23,355]DEBUG  1639[main] - org.hibernate.service.spi.ServiceBinding.setService(ServiceBinding.java:68) - Overriding existing service binding [org.hibernate.secure.spi.JaccService]
[2017-04-23 23:18:23,356]DEBUG  1640[main] - org.hibernate.cfg.Configuration.buildSessionFactory(Configuration.java:653) - Building session factory using provided StandardServiceRegistry
[2017-04-23 23:18:23,446]DEBUG  1730[main] - org.hibernate.cache.internal.RegionFactoryInitiator.initiateService(RegionFactoryInitiator.java:88) - Cache region factory : org.hibernate.cache.internal.NoCachingRegionFactory
[2017-04-23 23:18:23,487] INFO  1771[main] - org.hibernate.annotations.common.reflection.java.JavaReflectionManager.<clinit>(JavaReflectionManager.java:66) - HCANN000001: Hibernate Commons Annotations {4.0.5.Final}
[2017-04-23 23:18:23,600]DEBUG  1884[main] - org.hibernate.type.BasicTypeRegistry.register(BasicTypeRegistry.java:135) - Adding type registration boolean -> org.hibernate.type.BooleanType@8e24743
[2017-04-23 23:18:23,601]DEBUG  1885[main] - org.hibernate.type.BasicTypeRegistry.register(BasicTypeRegistry.java:135) - Adding type registration boolean -> org.hibernate.type.BooleanType@8e24743
[2017-04-23 23:18:23,602]DEBUG  1886[main] - org.hibernate.type.BasicTypeRegistry.register(BasicTypeRegistry.java:135) - Adding type registration java.lang.Boolean -> org.hibernate.type.BooleanType@8e24743
[2017-04-23 23:18:23,607]DEBUG  1891[main] - org.hibernate.type.BasicTypeRegistry.register(BasicTypeRegistry.java:135) - Adding type registration numeric_boolean -> org.hibernate.type.NumericBooleanType@4e718207
[2017-04-23 23:18:23,616]DEBUG  1900[main] - org.hibernate.type.BasicTypeRegistry.register(BasicTypeRegistry.java:135) - Adding type registration true_false -> org.hibernate.type.TrueFalseType@c81cdd1
[2017-04-23 23:18:23,619]DEBUG  1903[main] - org.hibernate.type.BasicTypeRegistry.register(BasicTypeRegistry.java:135) - Adding type registration yes_no -> org.hibernate.type.YesNoType@2a70a3d8
[2017-04-23 23:18:23,627]DEBUG  1911[main] - org.hibernate.type.BasicTypeRegistry.register(BasicTypeRegistry.java:135) - Adding type registration byte -> org.hibernate.type.ByteType@396e2f39
[2017-04-23 23:18:23,628]DEBUG  1912[main] - org.hibernate.type.BasicTypeRegistry.register(BasicTypeRegistry.java:135) - Adding type registration byte -> org.hibernate.type.ByteType@396e2f39
[2017-04-23 23:18:23,629]DEBUG  1913[main] - org.hibernate.type.BasicTypeRegistry.register(BasicTypeRegistry.java:135) - Adding type registration java.lang.Byte -> org.hibernate.type.ByteType@396e2f39
[2017-04-23 23:18:23,633]DEBUG  1917[main] - org.hibernate.type.BasicTypeRegistry.register(BasicTypeRegistry.java:135) - Adding type registration character -> org.hibernate.type.CharacterType@18bf3d14
[2017-04-23 23:18:23,634]DEBUG  1918[main] - org.hibernate.type.BasicTypeRegistry.register(BasicTypeRegistry.java:135) - Adding type registration char -> org.hibernate.type.CharacterType@18bf3d14
[2017-04-23 23:18:23,635]DEBUG  1919[main] - org.hibernate.type.BasicTypeRegistry.register(BasicTypeRegistry.java:135) - Adding type registration java.lang.Character -> org.hibernate.type.CharacterType@18bf3d14
[2017-04-23 23:18:23,642]DEBUG  1926[main] - org.hibernate.type.BasicTypeRegistry.register(BasicTypeRegistry.java:135) - Adding type registration short -> org.hibernate.type.ShortType@6ec8211c
[2017-04-23 23:18:23,643]DEBUG  1927[main] - org.hibernate.type.BasicTypeRegistry.register(BasicTypeRegistry.java:135) - Adding type registration short -> org.hibernate.type.ShortType@6ec8211c
[2017-04-23 23:18:23,644]DEBUG  1928[main] - org.hibernate.type.BasicTypeRegistry.register(BasicTypeRegistry.java:135) - Adding type registration java.lang.Short -> org.hibernate.type.ShortType@6ec8211c
[2017-04-23 23:18:23,649]DEBUG  1933[main] - org.hibernate.type.BasicTypeRegistry.register(BasicTypeRegistry.java:135) - Adding type registration integer -> org.hibernate.type.IntegerType@4524411f
[2017-04-23 23:18:23,650]DEBUG  1934[main] - org.hibernate.type.BasicTypeRegistry.register(BasicTypeRegistry.java:135) - Adding type registration int -> org.hibernate.type.IntegerType@4524411f
[2017-04-23 23:18:23,650]DEBUG  1934[main] - org.hibernate.type.BasicTypeRegistry.register(BasicTypeRegistry.java:135) - Adding type registration java.lang.Integer -> org.hibernate.type.IntegerType@4524411f
[2017-04-23 23:18:23,656]DEBUG  1940[main] - org.hibernate.type.BasicTypeRegistry.register(BasicTypeRegistry.java:135) - Adding type registration long -> org.hibernate.type.LongType@2eda0940
[2017-04-23 23:18:23,657]DEBUG  1941[main] - org.hibernate.type.BasicTypeRegistry.register(BasicTypeRegistry.java:135) - Adding type registration long -> org.hibernate.type.LongType@2eda0940
[2017-04-23 23:18:23,657]DEBUG  1941[main] - org.hibernate.type.BasicTypeRegistry.register(BasicTypeRegistry.java:135) - Adding type registration java.lang.Long -> org.hibernate.type.LongType@2eda0940
[2017-04-23 23:18:23,663]DEBUG  1947[main] - org.hibernate.type.BasicTypeRegistry.register(BasicTypeRegistry.java:135) - Adding type registration float -> org.hibernate.type.FloatType@954b04f
[2017-04-23 23:18:23,664]DEBUG  1948[main] - org.hibernate.type.BasicTypeRegistry.register(BasicTypeRegistry.java:135) - Adding type registration float -> org.hibernate.type.FloatType@954b04f
[2017-04-23 23:18:23,666]DEBUG  1950[main] - org.hibernate.type.BasicTypeRegistry.register(BasicTypeRegistry.java:135) - Adding type registration java.lang.Float -> org.hibernate.type.FloatType@954b04f
[2017-04-23 23:18:23,672]DEBUG  1956[main] - org.hibernate.type.BasicTypeRegistry.register(BasicTypeRegistry.java:135) - Adding type registration double -> org.hibernate.type.DoubleType@545997b1
[2017-04-23 23:18:23,673]DEBUG  1957[main] - org.hibernate.type.BasicTypeRegistry.register(BasicTypeRegistry.java:135) - Adding type registration double -> org.hibernate.type.DoubleType@545997b1
[2017-04-23 23:18:23,674]DEBUG  1958[main] - org.hibernate.type.BasicTypeRegistry.register(BasicTypeRegistry.java:135) - Adding type registration java.lang.Double -> org.hibernate.type.DoubleType@545997b1
[2017-04-23 23:18:23,681]DEBUG  1965[main] - org.hibernate.type.BasicTypeRegistry.register(BasicTypeRegistry.java:135) - Adding type registration big_decimal -> org.hibernate.type.BigDecimalType@24a35978
[2017-04-23 23:18:23,682]DEBUG  1966[main] - org.hibernate.type.BasicTypeRegistry.register(BasicTypeRegistry.java:135) - Adding type registration java.math.BigDecimal -> org.hibernate.type.BigDecimalType@24a35978
[2017-04-23 23:18:23,686]DEBUG  1970[main] - org.hibernate.type.BasicTypeRegistry.register(BasicTypeRegistry.java:135) - Adding type registration big_integer -> org.hibernate.type.BigIntegerType@27d415d9
[2017-04-23 23:18:23,687]DEBUG  1971[main] - org.hibernate.type.BasicTypeRegistry.register(BasicTypeRegistry.java:135) - Adding type registration java.math.BigInteger -> org.hibernate.type.BigIntegerType@27d415d9
[2017-04-23 23:18:23,691]DEBUG  1975[main] - org.hibernate.type.BasicTypeRegistry.register(BasicTypeRegistry.java:135) - Adding type registration string -> org.hibernate.type.StringType@4fcd19b3
[2017-04-23 23:18:23,691]DEBUG  1975[main] - org.hibernate.type.BasicTypeRegistry.register(BasicTypeRegistry.java:135) - Adding type registration java.lang.String -> org.hibernate.type.StringType@4fcd19b3
[2017-04-23 23:18:23,712]DEBUG  1996[main] - org.hibernate.type.BasicTypeRegistry.register(BasicTypeRegistry.java:135) - Adding type registration nstring -> org.hibernate.type.StringNVarcharType@17211155
[2017-04-23 23:18:23,719]DEBUG  2003[main] - org.hibernate.type.BasicTypeRegistry.register(BasicTypeRegistry.java:135) - Adding type registration ncharacter -> org.hibernate.type.CharacterNCharType@6fb0d3ed
[2017-04-23 23:18:23,724]DEBUG  2008[main] - org.hibernate.type.BasicTypeRegistry.register(BasicTypeRegistry.java:135) - Adding type registration url -> org.hibernate.type.UrlType@24b1d79b
[2017-04-23 23:18:23,725]DEBUG  2009[main] - org.hibernate.type.BasicTypeRegistry.register(BasicTypeRegistry.java:135) - Adding type registration java.net.URL -> org.hibernate.type.UrlType@24b1d79b
[2017-04-23 23:18:23,737]DEBUG  2021[main] - org.hibernate.type.BasicTypeRegistry.register(BasicTypeRegistry.java:135) - Adding type registration date -> org.hibernate.type.DateType@543788f3
[2017-04-23 23:18:23,738]DEBUG  2022[main] - org.hibernate.type.BasicTypeRegistry.register(BasicTypeRegistry.java:135) - Adding type registration java.sql.Date -> org.hibernate.type.DateType@543788f3
[2017-04-23 23:18:23,745]DEBUG  2029[main] - org.hibernate.type.BasicTypeRegistry.register(BasicTypeRegistry.java:135) - Adding type registration time -> org.hibernate.type.TimeType@768b970c
[2017-04-23 23:18:23,747]DEBUG  2031[main] - org.hibernate.type.BasicTypeRegistry.register(BasicTypeRegistry.java:135) - Adding type registration java.sql.Time -> org.hibernate.type.TimeType@768b970c
[2017-04-23 23:18:23,755]DEBUG  2039[main] - org.hibernate.type.BasicTypeRegistry.register(BasicTypeRegistry.java:135) - Adding type registration timestamp -> org.hibernate.type.TimestampType@7ba18f1b
[2017-04-23 23:18:23,756]DEBUG  2040[main] - org.hibernate.type.BasicTypeRegistry.register(BasicTypeRegistry.java:135) - Adding type registration java.sql.Timestamp -> org.hibernate.type.TimestampType@7ba18f1b
[2017-04-23 23:18:23,757]DEBUG  2041[main] - org.hibernate.type.BasicTypeRegistry.register(BasicTypeRegistry.java:135) - Adding type registration java.util.Date -> org.hibernate.type.TimestampType@7ba18f1b
[2017-04-23 23:18:23,766]DEBUG  2050[main] - org.hibernate.type.BasicTypeRegistry.register(BasicTypeRegistry.java:135) - Adding type registration dbtimestamp -> org.hibernate.type.DbTimestampType@7dc222ae
[2017-04-23 23:18:23,772]DEBUG  2056[main] - org.hibernate.type.BasicTypeRegistry.register(BasicTypeRegistry.java:135) - Adding type registration calendar -> org.hibernate.type.CalendarType@b9afc07
[2017-04-23 23:18:23,773]DEBUG  2057[main] - org.hibernate.type.BasicTypeRegistry.register(BasicTypeRegistry.java:135) - Adding type registration java.util.Calendar -> org.hibernate.type.CalendarType@b9afc07
[2017-04-23 23:18:23,774]DEBUG  2058[main] - org.hibernate.type.BasicTypeRegistry.register(BasicTypeRegistry.java:135) - Adding type registration java.util.GregorianCalendar -> org.hibernate.type.CalendarType@b9afc07
[2017-04-23 23:18:23,779]DEBUG  2063[main] - org.hibernate.type.BasicTypeRegistry.register(BasicTypeRegistry.java:135) - Adding type registration calendar_date -> org.hibernate.type.CalendarDateType@80169cf
[2017-04-23 23:18:23,785]DEBUG  2069[main] - org.hibernate.type.BasicTypeRegistry.register(BasicTypeRegistry.java:135) - Adding type registration locale -> org.hibernate.type.LocaleType@6366ebe0
[2017-04-23 23:18:23,786]DEBUG  2070[main] - org.hibernate.type.BasicTypeRegistry.register(BasicTypeRegistry.java:135) - Adding type registration java.util.Locale -> org.hibernate.type.LocaleType@6366ebe0
[2017-04-23 23:18:23,791]DEBUG  2075[main] - org.hibernate.type.BasicTypeRegistry.register(BasicTypeRegistry.java:135) - Adding type registration currency -> org.hibernate.type.CurrencyType@27fe3806
[2017-04-23 23:18:23,792]DEBUG  2076[main] - org.hibernate.type.BasicTypeRegistry.register(BasicTypeRegistry.java:135) - Adding type registration java.util.Currency -> org.hibernate.type.CurrencyType@27fe3806
[2017-04-23 23:18:23,796]DEBUG  2080[main] - org.hibernate.type.BasicTypeRegistry.register(BasicTypeRegistry.java:135) - Adding type registration timezone -> org.hibernate.type.TimeZoneType@4b9e255
[2017-04-23 23:18:23,797]DEBUG  2081[main] - org.hibernate.type.BasicTypeRegistry.register(BasicTypeRegistry.java:135) - Adding type registration java.util.TimeZone -> org.hibernate.type.TimeZoneType@4b9e255
[2017-04-23 23:18:23,801]DEBUG  2085[main] - org.hibernate.type.BasicTypeRegistry.register(BasicTypeRegistry.java:135) - Adding type registration class -> org.hibernate.type.ClassType@7f416310
[2017-04-23 23:18:23,801]DEBUG  2085[main] - org.hibernate.type.BasicTypeRegistry.register(BasicTypeRegistry.java:135) - Adding type registration java.lang.Class -> org.hibernate.type.ClassType@7f416310
[2017-04-23 23:18:23,807]DEBUG  2091[main] - org.hibernate.type.BasicTypeRegistry.register(BasicTypeRegistry.java:135) - Adding type registration uuid-binary -> org.hibernate.type.UUIDBinaryType@71d15f18
[2017-04-23 23:18:23,808]DEBUG  2092[main] - org.hibernate.type.BasicTypeRegistry.register(BasicTypeRegistry.java:135) - Adding type registration java.util.UUID -> org.hibernate.type.UUIDBinaryType@71d15f18
[2017-04-23 23:18:23,811]DEBUG  2095[main] - org.hibernate.type.BasicTypeRegistry.register(BasicTypeRegistry.java:135) - Adding type registration uuid-char -> org.hibernate.type.UUIDCharType@de3a06f
[2017-04-23 23:18:23,816]DEBUG  2100[main] - org.hibernate.type.BasicTypeRegistry.register(BasicTypeRegistry.java:135) - Adding type registration binary -> org.hibernate.type.BinaryType@530612ba
[2017-04-23 23:18:23,816]DEBUG  2100[main] - org.hibernate.type.BasicTypeRegistry.register(BasicTypeRegistry.java:135) - Adding type registration byte[] -> org.hibernate.type.BinaryType@530612ba
[2017-04-23 23:18:23,817]DEBUG  2101[main] - org.hibernate.type.BasicTypeRegistry.register(BasicTypeRegistry.java:135) - Adding type registration [B -> org.hibernate.type.BinaryType@530612ba
[2017-04-23 23:18:23,821]DEBUG  2105[main] - org.hibernate.type.BasicTypeRegistry.register(BasicTypeRegistry.java:135) - Adding type registration wrapper-binary -> org.hibernate.type.WrapperBinaryType@70a9f84e
[2017-04-23 23:18:23,823]DEBUG  2107[main] - org.hibernate.type.BasicTypeRegistry.register(BasicTypeRegistry.java:135) - Adding type registration Byte[] -> org.hibernate.type.WrapperBinaryType@70a9f84e
[2017-04-23 23:18:23,824]DEBUG  2108[main] - org.hibernate.type.BasicTypeRegistry.register(BasicTypeRegistry.java:135) - Adding type registration [Ljava.lang.Byte; -> org.hibernate.type.WrapperBinaryType@70a9f84e
[2017-04-23 23:18:23,830]DEBUG  2114[main] - org.hibernate.type.BasicTypeRegistry.register(BasicTypeRegistry.java:135) - Adding type registration image -> org.hibernate.type.ImageType@166fa74d
[2017-04-23 23:18:23,836]DEBUG  2120[main] - org.hibernate.type.BasicTypeRegistry.register(BasicTypeRegistry.java:135) - Adding type registration characters -> org.hibernate.type.CharArrayType@7181ae3f
[2017-04-23 23:18:23,837]DEBUG  2121[main] - org.hibernate.type.BasicTypeRegistry.register(BasicTypeRegistry.java:135) - Adding type registration char[] -> org.hibernate.type.CharArrayType@7181ae3f
[2017-04-23 23:18:23,838]DEBUG  2122[main] - org.hibernate.type.BasicTypeRegistry.register(BasicTypeRegistry.java:135) - Adding type registration [C -> org.hibernate.type.CharArrayType@7181ae3f
[2017-04-23 23:18:23,844]DEBUG  2128[main] - org.hibernate.type.BasicTypeRegistry.register(BasicTypeRegistry.java:135) - Adding type registration wrapper-characters -> org.hibernate.type.CharacterArrayType@1efee8e7
[2017-04-23 23:18:23,845]DEBUG  2129[main] - org.hibernate.type.BasicTypeRegistry.register(BasicTypeRegistry.java:135) - Adding type registration [Ljava.lang.Character; -> org.hibernate.type.CharacterArrayType@1efee8e7
[2017-04-23 23:18:23,845]DEBUG  2129[main] - org.hibernate.type.BasicTypeRegistry.register(BasicTypeRegistry.java:135) - Adding type registration Character[] -> org.hibernate.type.CharacterArrayType@1efee8e7
[2017-04-23 23:18:23,849]DEBUG  2133[main] - org.hibernate.type.BasicTypeRegistry.register(BasicTypeRegistry.java:135) - Adding type registration text -> org.hibernate.type.TextType@32cf48b7
[2017-04-23 23:18:23,852]DEBUG  2136[main] - org.hibernate.type.BasicTypeRegistry.register(BasicTypeRegistry.java:135) - Adding type registration ntext -> org.hibernate.type.NTextType@799d4f69
[2017-04-23 23:18:23,872]DEBUG  2156[main] - org.hibernate.type.BasicTypeRegistry.register(BasicTypeRegistry.java:135) - Adding type registration blob -> org.hibernate.type.BlobType@3ffcd140
[2017-04-23 23:18:23,873]DEBUG  2157[main] - org.hibernate.type.BasicTypeRegistry.register(BasicTypeRegistry.java:135) - Adding type registration java.sql.Blob -> org.hibernate.type.BlobType@3ffcd140
[2017-04-23 23:18:23,876]DEBUG  2160[main] - org.hibernate.type.BasicTypeRegistry.register(BasicTypeRegistry.java:135) - Adding type registration materialized_blob -> org.hibernate.type.MaterializedBlobType@120d6fe6
[2017-04-23 23:18:23,900]DEBUG  2184[main] - org.hibernate.type.BasicTypeRegistry.register(BasicTypeRegistry.java:135) - Adding type registration clob -> org.hibernate.type.ClobType@641147d0
[2017-04-23 23:18:23,901]DEBUG  2185[main] - org.hibernate.type.BasicTypeRegistry.register(BasicTypeRegistry.java:135) - Adding type registration java.sql.Clob -> org.hibernate.type.ClobType@641147d0
[2017-04-23 23:18:23,922]DEBUG  2206[main] - org.hibernate.type.BasicTypeRegistry.register(BasicTypeRegistry.java:135) - Adding type registration nclob -> org.hibernate.type.NClobType@78a2da20
[2017-04-23 23:18:23,923]DEBUG  2207[main] - org.hibernate.type.BasicTypeRegistry.register(BasicTypeRegistry.java:135) - Adding type registration java.sql.NClob -> org.hibernate.type.NClobType@78a2da20
[2017-04-23 23:18:23,925]DEBUG  2209[main] - org.hibernate.type.BasicTypeRegistry.register(BasicTypeRegistry.java:135) - Adding type registration materialized_clob -> org.hibernate.type.MaterializedClobType@58fdd99
[2017-04-23 23:18:23,928]DEBUG  2212[main] - org.hibernate.type.BasicTypeRegistry.register(BasicTypeRegistry.java:135) - Adding type registration materialized_nclob -> org.hibernate.type.MaterializedNClobType@70b0b186
[2017-04-23 23:18:23,934]DEBUG  2218[main] - org.hibernate.type.BasicTypeRegistry.register(BasicTypeRegistry.java:135) - Adding type registration serializable -> org.hibernate.type.SerializableType@3d36e4cd
[2017-04-23 23:18:23,951]DEBUG  2235[main] - org.hibernate.type.BasicTypeRegistry.register(BasicTypeRegistry.java:135) - Adding type registration object -> org.hibernate.type.ObjectType@4d49af10
[2017-04-23 23:18:23,952]DEBUG  2236[main] - org.hibernate.type.BasicTypeRegistry.register(BasicTypeRegistry.java:135) - Adding type registration java.lang.Object -> org.hibernate.type.ObjectType@4d49af10
[2017-04-23 23:18:23,954]DEBUG  2238[main] - org.hibernate.type.BasicTypeRegistry.register(BasicTypeRegistry.java:135) - Adding type registration imm_date -> org.hibernate.type.AdaptedImmutableType@4450d156
[2017-04-23 23:18:23,955]DEBUG  2239[main] - org.hibernate.type.BasicTypeRegistry.register(BasicTypeRegistry.java:135) - Adding type registration imm_time -> org.hibernate.type.AdaptedImmutableType@4461c7e3
[2017-04-23 23:18:23,956]DEBUG  2240[main] - org.hibernate.type.BasicTypeRegistry.register(BasicTypeRegistry.java:135) - Adding type registration imm_timestamp -> org.hibernate.type.AdaptedImmutableType@351d0846
[2017-04-23 23:18:23,957]DEBUG  2241[main] - org.hibernate.type.BasicTypeRegistry.register(BasicTypeRegistry.java:135) - Adding type registration imm_dbtimestamp -> org.hibernate.type.AdaptedImmutableType@77e4c80f
[2017-04-23 23:18:23,958]DEBUG  2242[main] - org.hibernate.type.BasicTypeRegistry.register(BasicTypeRegistry.java:135) - Adding type registration imm_calendar -> org.hibernate.type.AdaptedImmutableType@35fc6dc4
[2017-04-23 23:18:23,958]DEBUG  2242[main] - org.hibernate.type.BasicTypeRegistry.register(BasicTypeRegistry.java:135) - Adding type registration imm_calendar_date -> org.hibernate.type.AdaptedImmutableType@7fe8ea47
[2017-04-23 23:18:23,959]DEBUG  2243[main] - org.hibernate.type.BasicTypeRegistry.register(BasicTypeRegistry.java:135) - Adding type registration imm_binary -> org.hibernate.type.AdaptedImmutableType@226a82c4
[2017-04-23 23:18:23,959]DEBUG  2243[main] - org.hibernate.type.BasicTypeRegistry.register(BasicTypeRegistry.java:135) - Adding type registration imm_serializable -> org.hibernate.type.AdaptedImmutableType@731f8236
[2017-04-23 23:18:24,006] WARN  2290[main] - org.hibernate.engine.jdbc.connections.internal.DriverManagerConnectionProviderImpl.configure(DriverManagerConnectionProviderImpl.java:76) - HHH000402: Using Hibernate built-in connection pool (not for production use!)
[2017-04-23 23:18:24,029] INFO  2313[main] - org.hibernate.engine.jdbc.connections.internal.DriverManagerConnectionProviderImpl.buildCreator(DriverManagerConnectionProviderImpl.java:149) - HHH000401: using driver [com.mysql.jdbc.Driver] at URL [jdbc:mysql://localhost:3306/tkcsapcd]
[2017-04-23 23:18:24,031] INFO  2315[main] - org.hibernate.engine.jdbc.connections.internal.DriverManagerConnectionProviderImpl.buildCreator(DriverManagerConnectionProviderImpl.java:155) - HHH000046: Connection properties: {user=root, password=josue123}
[2017-04-23 23:18:24,032] INFO  2316[main] - org.hibernate.engine.jdbc.connections.internal.DriverManagerConnectionProviderImpl.buildCreator(DriverManagerConnectionProviderImpl.java:163) - HHH000006: Autocommit mode: false
[2017-04-23 23:18:24,040] INFO  2324[main] - org.hibernate.engine.jdbc.connections.internal.DriverManagerConnectionProviderImpl.configure(DriverManagerConnectionProviderImpl.java:85) - HHH000115: Hibernate connection pool size: 1 (min=1)
[2017-04-23 23:18:24,041]DEBUG  2325[main] - org.jboss.logging.DelegatingBasicLogger.debugf(DelegatingBasicLogger.java:384) - Initializing Connection pool with 1 Connections
[2017-04-23 23:18:25,538]DEBUG  3822[main] - org.hibernate.engine.jdbc.env.internal.JdbcEnvironmentInitiator.initiateService(JdbcEnvironmentInitiator.java:72) - Database ->
       name : MySQL
    version : 5.1.71-community
      major : 5
      minor : 1
[2017-04-23 23:18:25,539]DEBUG  3823[main] - org.hibernate.engine.jdbc.env.internal.JdbcEnvironmentInitiator.initiateService(JdbcEnvironmentInitiator.java:83) - Driver ->
       name : MySQL-AB JDBC Driver
    version : mysql-connector-java-5.1.16 ( Revision: ${bzr.revision-id} )
      major : 5
      minor : 1
[2017-04-23 23:18:25,540]DEBUG  3824[main] - org.jboss.logging.DelegatingBasicLogger.debugf(DelegatingBasicLogger.java:389) - JDBC version : 4.0
[2017-04-23 23:18:25,588] INFO  3872[main] - org.hibernate.dialect.Dialect.<init>(Dialect.java:154) - HHH000400: Using dialect: org.hibernate.dialect.MySQL5InnoDBDialect
[2017-04-23 23:18:25,652]DEBUG  3936[main] - org.hibernate.engine.jdbc.cursor.internal.StandardRefCursorSupport.supportsRefCursors(StandardRefCursorSupport.java:170) - Unexpected error trying to gauge level of JDBC REF_CURSOR support : null
[2017-04-23 23:18:25,831]DEBUG  4115[main] - org.hibernate.engine.jdbc.env.spi.IdentifierHelperBuilder.applyIdentifierCasing(IdentifierHelperBuilder.java:116) - JDBC driver metadata reported database stores quoted identifiers in more than one case
[2017-04-23 23:18:25,842]DEBUG  4126[main] - org.hibernate.engine.jdbc.env.spi.IdentifierHelperBuilder.build(IdentifierHelperBuilder.java:182) - IdentifierCaseStrategy for both quoted and unquoted identifiers was set to the same strategy [LOWER]; that will likely lead to problems in schema update and validation if using quoted identifiers
[2017-04-23 23:18:26,369]DEBUG  4653[main] - org.hibernate.id.factory.internal.DefaultIdentifierGeneratorFactory.register(DefaultIdentifierGeneratorFactory.java:78) - Registering IdentifierGenerator strategy [uuid2] -> [org.hibernate.id.UUIDGenerator]
[2017-04-23 23:18:26,372]DEBUG  4656[main] - org.hibernate.id.factory.internal.DefaultIdentifierGeneratorFactory.register(DefaultIdentifierGeneratorFactory.java:78) - Registering IdentifierGenerator strategy [guid] -> [org.hibernate.id.GUIDGenerator]
[2017-04-23 23:18:26,377]DEBUG  4661[main] - org.hibernate.id.factory.internal.DefaultIdentifierGeneratorFactory.register(DefaultIdentifierGeneratorFactory.java:78) - Registering IdentifierGenerator strategy [uuid] -> [org.hibernate.id.UUIDHexGenerator]
[2017-04-23 23:18:26,378]DEBUG  4662[main] - org.hibernate.id.factory.internal.DefaultIdentifierGeneratorFactory.register(DefaultIdentifierGeneratorFactory.java:78) - Registering IdentifierGenerator strategy [uuid.hex] -> [org.hibernate.id.UUIDHexGenerator]
[2017-04-23 23:18:26,380]DEBUG  4664[main] - org.hibernate.id.factory.internal.DefaultIdentifierGeneratorFactory.register(DefaultIdentifierGeneratorFactory.java:78) - Registering IdentifierGenerator strategy [assigned] -> [org.hibernate.id.Assigned]
[2017-04-23 23:18:26,387]DEBUG  4671[main] - org.hibernate.id.factory.internal.DefaultIdentifierGeneratorFactory.register(DefaultIdentifierGeneratorFactory.java:78) - Registering IdentifierGenerator strategy [identity] -> [org.hibernate.id.IdentityGenerator]
[2017-04-23 23:18:26,390]DEBUG  4674[main] - org.hibernate.id.factory.internal.DefaultIdentifierGeneratorFactory.register(DefaultIdentifierGeneratorFactory.java:78) - Registering IdentifierGenerator strategy [select] -> [org.hibernate.id.SelectGenerator]
[2017-04-23 23:18:26,396]DEBUG  4680[main] - org.hibernate.id.factory.internal.DefaultIdentifierGeneratorFactory.register(DefaultIdentifierGeneratorFactory.java:78) - Registering IdentifierGenerator strategy [sequence] -> [org.hibernate.id.enhanced.SequenceStyleGenerator]
[2017-04-23 23:18:26,406]DEBUG  4690[main] - org.hibernate.id.factory.internal.DefaultIdentifierGeneratorFactory.register(DefaultIdentifierGeneratorFactory.java:78) - Registering IdentifierGenerator strategy [seqhilo] -> [org.hibernate.id.SequenceHiLoGenerator]
[2017-04-23 23:18:26,409]DEBUG  4693[main] - org.hibernate.id.factory.internal.DefaultIdentifierGeneratorFactory.register(DefaultIdentifierGeneratorFactory.java:78) - Registering IdentifierGenerator strategy [increment] -> [org.hibernate.id.IncrementGenerator]
[2017-04-23 23:18:26,412]DEBUG  4696[main] - org.hibernate.id.factory.internal.DefaultIdentifierGeneratorFactory.register(DefaultIdentifierGeneratorFactory.java:78) - Registering IdentifierGenerator strategy [foreign] -> [org.hibernate.id.ForeignGenerator]
[2017-04-23 23:18:26,415]DEBUG  4699[main] - org.hibernate.id.factory.internal.DefaultIdentifierGeneratorFactory.register(DefaultIdentifierGeneratorFactory.java:78) - Registering IdentifierGenerator strategy [sequence-identity] -> [org.hibernate.id.SequenceIdentityGenerator]
[2017-04-23 23:18:26,416]DEBUG  4700[main] - org.hibernate.id.factory.internal.DefaultIdentifierGeneratorFactory.register(DefaultIdentifierGeneratorFactory.java:78) - Registering IdentifierGenerator strategy [enhanced-sequence] -> [org.hibernate.id.enhanced.SequenceStyleGenerator]
[2017-04-23 23:18:26,423]DEBUG  4707[main] - org.hibernate.id.factory.internal.DefaultIdentifierGeneratorFactory.register(DefaultIdentifierGeneratorFactory.java:78) - Registering IdentifierGenerator strategy [enhanced-table] -> [org.hibernate.id.enhanced.TableGenerator]
[2017-04-23 23:18:26,554]DEBUG  4838[main] - org.hibernate.boot.model.relational.Namespace.<init>(Namespace.java:47) - Created database namespace [logicalName=Name{catalog=null, schema=null}, physicalName=Name{catalog=null, schema=null}]
[2017-04-23 23:18:26,741]DEBUG  5025[main] - org.hibernate.internal.SessionFactoryImpl.<init>(SessionFactoryImpl.java:210) - Building session factory
[2017-04-23 23:18:26,745]DEBUG  5029[main] - org.hibernate.cfg.Settings.<init>(Settings.java:69) - SessionFactory name : null
[2017-04-23 23:18:26,746]DEBUG  5030[main] - org.hibernate.cfg.Settings.<init>(Settings.java:70) - Automatic flush during beforeCompletion(): disabled
[2017-04-23 23:18:26,746]DEBUG  5030[main] - org.hibernate.cfg.Settings.<init>(Settings.java:71) - Automatic session close at end of transaction: disabled
[2017-04-23 23:18:26,747]DEBUG  5031[main] - org.hibernate.cfg.Settings.<init>(Settings.java:73) - Statistics: disabled
[2017-04-23 23:18:26,747]DEBUG  5031[main] - org.hibernate.cfg.Settings.<init>(Settings.java:75) - Deleted entity synthetic identifier rollback: disabled
[2017-04-23 23:18:26,748]DEBUG  5032[main] - org.hibernate.cfg.Settings.<init>(Settings.java:76) - Default entity-mode: pojo
[2017-04-23 23:18:26,749]DEBUG  5033[main] - org.hibernate.cfg.Settings.<init>(Settings.java:77) - Check Nullability in Core (should be disabled when Bean Validation is on): enabled
[2017-04-23 23:18:26,749]DEBUG  5033[main] - org.hibernate.cfg.Settings.<init>(Settings.java:78) - Allow initialization of lazy state outside session : disabled
[2017-04-23 23:18:26,750]DEBUG  5034[main] - org.hibernate.cfg.Settings.<init>(Settings.java:80) - Using BatchFetchStyle : LEGACY
[2017-04-23 23:18:26,751]DEBUG  5035[main] - org.hibernate.cfg.Settings.<init>(Settings.java:81) - Default batch fetch size: -1
[2017-04-23 23:18:26,752]DEBUG  5036[main] - org.hibernate.cfg.Settings.<init>(Settings.java:82) - Maximum outer join fetch depth: 2
[2017-04-23 23:18:26,752]DEBUG  5036[main] - org.hibernate.cfg.Settings.<init>(Settings.java:83) - Default null ordering: NONE
[2017-04-23 23:18:26,753]DEBUG  5037[main] - org.hibernate.cfg.Settings.<init>(Settings.java:84) - Order SQL updates by primary key: disabled
[2017-04-23 23:18:26,754]DEBUG  5038[main] - org.hibernate.cfg.Settings.<init>(Settings.java:85) - Order SQL inserts for batching: disabled
[2017-04-23 23:18:26,754]DEBUG  5038[main] - org.hibernate.cfg.Settings.<init>(Settings.java:87) - multi-tenancy strategy : NONE
[2017-04-23 23:18:26,755]DEBUG  5039[main] - org.hibernate.cfg.Settings.<init>(Settings.java:89) - JTA Track by Thread: enabled
[2017-04-23 23:18:26,756]DEBUG  5040[main] - org.hibernate.cfg.Settings.<init>(Settings.java:91) - Query language substitutions: {}
[2017-04-23 23:18:26,757]DEBUG  5041[main] - org.hibernate.cfg.Settings.<init>(Settings.java:92) - JPA query language strict compliance: disabled
[2017-04-23 23:18:26,757]DEBUG  5041[main] - org.hibernate.cfg.Settings.<init>(Settings.java:93) - Named query checking : enabled
[2017-04-23 23:18:26,758]DEBUG  5042[main] - org.hibernate.cfg.Settings.<init>(Settings.java:95) - Second-level cache: enabled
[2017-04-23 23:18:26,759]DEBUG  5043[main] - org.hibernate.cfg.Settings.<init>(Settings.java:96) - Second-level query cache: disabled
[2017-04-23 23:18:26,759]DEBUG  5043[main] - org.hibernate.cfg.Settings.<init>(Settings.java:97) - Second-level query cache factory: org.hibernate.cache.internal.StandardQueryCacheFactory@2f54a33d
[2017-04-23 23:18:26,760]DEBUG  5044[main] - org.hibernate.cfg.Settings.<init>(Settings.java:98) - Second-level cache region prefix: null
[2017-04-23 23:18:26,761]DEBUG  5045[main] - org.hibernate.cfg.Settings.<init>(Settings.java:99) - Optimize second-level cache for minimal puts: disabled
[2017-04-23 23:18:26,761]DEBUG  5045[main] - org.hibernate.cfg.Settings.<init>(Settings.java:100) - Structured second-level cache entries: disabled
[2017-04-23 23:18:26,762]DEBUG  5046[main] - org.hibernate.cfg.Settings.<init>(Settings.java:101) - Second-level cache direct-reference entries: disabled
[2017-04-23 23:18:26,763]DEBUG  5047[main] - org.hibernate.cfg.Settings.<init>(Settings.java:102) - Automatic eviction of collection cache: disabled
[2017-04-23 23:18:26,763]DEBUG  5047[main] - org.hibernate.cfg.Settings.<init>(Settings.java:104) - JDBC batch size: 15
[2017-04-23 23:18:26,764]DEBUG  5048[main] - org.hibernate.cfg.Settings.<init>(Settings.java:105) - JDBC batch updates for versioned data: enabled
[2017-04-23 23:18:26,765]DEBUG  5049[main] - org.hibernate.cfg.Settings.<init>(Settings.java:106) - Scrollable result sets: enabled
[2017-04-23 23:18:26,765]DEBUG  5049[main] - org.hibernate.cfg.Settings.<init>(Settings.java:107) - Wrap result sets: disabled
[2017-04-23 23:18:26,766]DEBUG  5050[main] - org.hibernate.cfg.Settings.<init>(Settings.java:108) - JDBC3 getGeneratedKeys(): enabled
[2017-04-23 23:18:26,767]DEBUG  5051[main] - org.hibernate.cfg.Settings.<init>(Settings.java:109) - JDBC result set fetch size: null
[2017-04-23 23:18:26,767]DEBUG  5051[main] - org.hibernate.cfg.Settings.<init>(Settings.java:110) - Connection release mode: ON_CLOSE
[2017-04-23 23:18:26,768]DEBUG  5052[main] - org.hibernate.cfg.Settings.<init>(Settings.java:111) - Generate SQL with comments: disabled
[2017-04-23 23:18:27,047]DEBUG  5331[main] - org.hibernate.internal.SessionFactoryImpl.<init>(SessionFactoryImpl.java:255) - Session factory constructed with filter configurations : {}
[2017-04-23 23:18:27,049]DEBUG  5333[main] - org.hibernate.internal.SessionFactoryImpl.<init>(SessionFactoryImpl.java:256) - Instantiating session factory with properties: {hibernate.connection.password=josue123, java.runtime.name=Java(TM) SE Runtime Environment, java.vm.version=25.131-b11, hibernate.cache.provider_class=org.hibernate.cache.internal.NoCacheProvider, sun.boot.library.path=C:\Program Files\Java\jre1.8.0_131\bin, hibernate.connection.username=root, hibernate.boot.CfgXmlAccessService.key=org.hibernate.boot.cfgxml.spi.LoadedConfig@6cd28fa7, java.vm.vendor=Oracle Corporation, java.vendor.url=http://java.oracle.com/, path.separator=;, java.vm.name=Java HotSpot(TM) 64-Bit Server VM, file.encoding.pkg=sun.io, sun.os.patch.level=, user.script=, user.country=US, sun.java.launcher=SUN_STANDARD, java.vm.specification.name=Java Virtual Machine Specification, user.dir=C:\Users\Josue\workspace\Tkcsapcd_cadastros, java.runtime.version=1.8.0_131-b11, java.awt.graphicsenv=sun.awt.Win32GraphicsEnvironment, os.arch=amd64, hibernate.current_session_context_class=thread, java.endorsed.dirs=C:\Program Files\Java\jre1.8.0_131\lib\endorsed, java.io.tmpdir=C:\Users\Josue\AppData\Local\Temp\, line.separator=
, java.vm.specification.vendor=Oracle Corporation, user.variant=, os.name=Windows 8, sun.jnu.encoding=Cp1252, java.library.path=C:\Program Files\Java\jre1.8.0_131\bin;C:\Windows\Sun\Java\bin;C:\Windows\system32;C:\Windows;C:\ProgramData\Oracle\Java\javapath;C:\Windows\system32;C:\Windows;C:\Windows\System32\Wbem;C:\Windows\System32\WindowsPowerShell\v1.0\;C:\Program Files (x86)\NVIDIA Corporation\PhysX\Common;C:\Program Files (x86)\MySQL\MySQL Server 5.1\bin;C:\Program Files\Java\jdk1.8.0_131\bin;;., java.class.version=52.0, java.specification.name=Java Platform API Specification, hibernate.connection.pool_size=1, sun.management.compiler=HotSpot 64-Bit Tiered Compilers, os.version=6.2, user.home=C:\Users\Josue, user.timezone=America/Sao_Paulo, java.awt.printerjob=sun.awt.windows.WPrinterJob, file.encoding=Cp1252, java.specification.version=1.8, hibernate.connection.driver_class=com.mysql.jdbc.Driver, user.name=Josue, java.class.path=C:\Users\Josue\workspace\Tkcsapcd_cadastros\build\classes;C:\Users\Josue\workspace\Tkcsapcd_cadastros\WebContent\WEB-INF\lib\antlr-2.7.7.jar;C:\Users\Josue\workspace\Tkcsapcd_cadastros\WebContent\WEB-INF\lib\c3p0-0.9.5.1.jar;C:\Users\Josue\workspace\Tkcsapcd_cadastros\WebContent\WEB-INF\lib\c3p0-oracle-thin-extras-0.9.5.1.jar;C:\Users\Josue\workspace\Tkcsapcd_cadastros\WebContent\WEB-INF\lib\classmate-1.3.0.jar;C:\Users\Josue\workspace\Tkcsapcd_cadastros\WebContent\WEB-INF\lib\commons-beanutils-1.8.0.jar;C:\Users\Josue\workspace\Tkcsapcd_cadastros\WebContent\WEB-INF\lib\commons-beanutils-1.8.2.jar;C:\Users\Josue\workspace\Tkcsapcd_cadastros\WebContent\WEB-INF\lib\commons-collections-3.2.1.jar;C:\Users\Josue\workspace\Tkcsapcd_cadastros\WebContent\WEB-INF\lib\commons-dbcp2-2.1.1-javadoc.jar;C:\Users\Josue\workspace\Tkcsapcd_cadastros\WebContent\WEB-INF\lib\commons-dbcp2-2.1.1.jar;C:\Users\Josue\workspace\Tkcsapcd_cadastros\WebContent\WEB-INF\lib\commons-digester-1.7.jar;C:\Users\Josue\workspace\Tkcsapcd_cadastros\WebContent\WEB-INF\lib\commons-digester-2.1.jar;C:\Users\Josue\workspace\Tkcsapcd_cadastros\WebContent\WEB-INF\lib\commons-email-1.3.3-javadoc.jar;C:\Users\Josue\workspace\Tkcsapcd_cadastros\WebContent\WEB-INF\lib\commons-email-1.3.3.jar;C:\Users\Josue\workspace\Tkcsapcd_cadastros\WebContent\WEB-INF\lib\commons-fileupload-1.3.1.jar;C:\Users\Josue\workspace\Tkcsapcd_cadastros\WebContent\WEB-INF\lib\commons-io-2.4-javadoc.jar;C:\Users\Josue\workspace\Tkcsapcd_cadastros\WebContent\WEB-INF\lib\commons-io-2.4-sources.jar;C:\Users\Josue\workspace\Tkcsapcd_cadastros\WebContent\WEB-INF\lib\commons-io-2.4-test-sources.jar;C:\Users\Josue\workspace\Tkcsapcd_cadastros\WebContent\WEB-INF\lib\commons-io-2.4-tests.jar;C:\Users\Josue\workspace\Tkcsapcd_cadastros\WebContent\WEB-INF\lib\commons-io-2.4.jar;C:\Users\Josue\workspace\Tkcsapcd_cadastros\WebContent\WEB-INF\lib\commons-logging-1.1.jar;C:\Users\Josue\workspace\Tkcsapcd_cadastros\WebContent\WEB-INF\lib\dom4j-1.6.1.jar;C:\Users\Josue\workspace\Tkcsapcd_cadastros\WebContent\WEB-INF\lib\dsn.jar;C:\Users\Josue\workspace\Tkcsapcd_cadastros\WebContent\WEB-INF\lib\dwr.jar;C:\Users\Josue\workspace\Tkcsapcd_cadastros\WebContent\WEB-INF\lib\gimap.jar;C:\Users\Josue\workspace\Tkcsapcd_cadastros\WebContent\WEB-INF\lib\groovy-all-1.5.5.jar;C:\Users\Josue\workspace\Tkcsapcd_cadastros\WebContent\WEB-INF\lib\gson-2.3.1.jar;C:\Users\Josue\workspace\Tkcsapcd_cadastros\WebContent\WEB-INF\lib\hibernate-commons-annotations-4.0.5.Final.jar;C:\Users\Josue\workspace\Tkcsapcd_cadastros\WebContent\WEB-INF\lib\hibernate-commons-annotations-5.0.0.Final.jar;C:\Users\Josue\workspace\Tkcsapcd_cadastros\WebContent\WEB-INF\lib\hibernate-commons-annotations-5.0.1.Final.jar;C:\Users\Josue\workspace\Tkcsapcd_cadastros\WebContent\WEB-INF\lib\hibernate-core-5.0.1.Final.jar;C:\Users\Josue\workspace\Tkcsapcd_cadastros\WebContent\WEB-INF\lib\hibernate-core-5.2.10.Final.jar;C:\Users\Josue\workspace\Tkcsapcd_cadastros\WebContent\WEB-INF\lib\hibernate-jpa-2.1-api-1.0.0.Final.jar;C:\Users\Josue\workspace\Tkcsapcd_cadastros\WebContent\WEB-INF\lib\hibernate-jpamodelgen-5.2.10.Final.jar;C:\Users\Josue\workspace\Tkcsapcd_cadastros\WebContent\WEB-INF\lib\iText-2.1.0.jar;C:\Users\Josue\workspace\Tkcsapcd_cadastros\WebContent\WEB-INF\lib\iText-2.1.7.js2.jar;C:\Users\Josue\workspace\Tkcsapcd_cadastros\WebContent\WEB-INF\lib\imap.jar;C:\Users\Josue\workspace\Tkcsapcd_cadastros\WebContent\WEB-INF\lib\jandex-2.0.3.Final.jar;C:\Users\Josue\workspace\Tkcsapcd_cadastros\WebContent\WEB-INF\lib\jasperreports-3.7.3.jar;C:\Users\Josue\workspace\Tkcsapcd_cadastros\WebContent\WEB-INF\lib\jasperreports-5.5.0.jar;C:\Users\Josue\workspace\Tkcsapcd_cadastros\WebContent\WEB-INF\lib\javaplanner-1.5.jar;C:\Users\Josue\workspace\Tkcsapcd_cadastros\WebContent\WEB-INF\lib\javassist-3.18.1-GA.jar;C:\Users\Josue\workspace\Tkcsapcd_cadastros\WebContent\WEB-INF\lib\javassist-3.20.0-GA.jar;C:\Users\Josue\workspace\Tkcsapcd_cadastros\WebContent\WEB-INF\lib\javax.servlet-3.0.jar;C:\Users\Josue\workspace\Tkcsapcd_cadastros\WebContent\WEB-INF\lib\javax.servlet.jar;C:\Users\Josue\workspace\Tkcsapcd_cadastros\WebContent\WEB-INF\lib\javax.servlet.jsp.jstl-1.2.1.jar;C:\Users\Josue\workspace\Tkcsapcd_cadastros\WebContent\WEB-INF\lib\javax.servlet.jsp.jstl-api-1.2.1.jar;C:\Users\Josue\workspace\Tkcsapcd_cadastros\WebContent\WEB-INF\lib\jboss-logging-3.3.0.Final.jar;C:\Users\Josue\workspace\Tkcsapcd_cadastros\WebContent\WEB-INF\lib\jboss-transaction-api_1.2_spec-1.0.1.Final.jar;C:\Users\Josue\workspace\Tkcsapcd_cadastros\WebContent\WEB-INF\lib\jstl-1.2.jar;C:\Users\Josue\workspace\Tkcsapcd_cadastros\WebContent\WEB-INF\lib\jxl-2.6.jar;C:\Users\Josue\workspace\Tkcsapcd_cadastros\WebContent\WEB-INF\lib\log4j-1.2.17.jar;C:\Users\Josue\workspace\Tkcsapcd_cadastros\WebContent\WEB-INF\lib\lucene-core-5.3.0.jar;C:\Users\Josue\workspace\Tkcsapcd_cadastros\WebContent\WEB-INF\lib\mail.jar;C:\Users\Josue\workspace\Tkcsapcd_cadastros\WebContent\WEB-INF\lib\mailapi.jar;C:\Users\Josue\workspace\Tkcsapcd_cadastros\WebContent\WEB-INF\lib\mchange-commons-java-0.2.10.jar;C:\Users\Josue\workspace\Tkcsapcd_cadastros\WebContent\WEB-INF\lib\mysql-connector-java-5.1.16-bin.jar;C:\Users\Josue\workspace\Tkcsapcd_cadastros\WebContent\WEB-INF\lib\pop3.jar;C:\Users\Josue\workspace\Tkcsapcd_cadastros\WebContent\WEB-INF\lib\slf4j-api-1.6.1.jar;C:\Users\Josue\workspace\Tkcsapcd_cadastros\WebContent\WEB-INF\lib\smtp.jar;C:\Users\Josue\workspace\Tkcsapcd_cadastros\WebContent\WEB-INF\lib\xml-apis-1.3.03.jar;C:\Users\Josue\Documents\Apache\apache-tomcat-7.0.52\lib\annotations-api.jar;C:\Users\Josue\Documents\Apache\apache-tomcat-7.0.52\lib\catalina-ant.jar;C:\Users\Josue\Documents\Apache\apache-tomcat-7.0.52\lib\catalina-ha.jar;C:\Users\Josue\Documents\Apache\apache-tomcat-7.0.52\lib\catalina-tribes.jar;C:\Users\Josue\Documents\Apache\apache-tomcat-7.0.52\lib\catalina.jar;C:\Users\Josue\Documents\Apache\apache-tomcat-7.0.52\lib\ecj-4.3.1.jar;C:\Users\Josue\Documents\Apache\apache-tomcat-7.0.52\lib\el-api.jar;C:\Users\Josue\Documents\Apache\apache-tomcat-7.0.52\lib\jasper-el.jar;C:\Users\Josue\Documents\Apache\apache-tomcat-7.0.52\lib\jasper.jar;C:\Users\Josue\Documents\Apache\apache-tomcat-7.0.52\lib\jsp-api.jar;C:\Users\Josue\Documents\Apache\apache-tomcat-7.0.52\lib\mysql-connector-java-5.1.13-bin.jar;C:\Users\Josue\Documents\Apache\apache-tomcat-7.0.52\lib\servlet-api.jar;C:\Users\Josue\Documents\Apache\apache-tomcat-7.0.52\lib\tomcat-api.jar;C:\Users\Josue\Documents\Apache\apache-tomcat-7.0.52\lib\tomcat-coyote.jar;C:\Users\Josue\Documents\Apache\apache-tomcat-7.0.52\lib\tomcat-dbcp.jar;C:\Users\Josue\Documents\Apache\apache-tomcat-7.0.52\lib\tomcat-i18n-es.jar;C:\Users\Josue\Documents\Apache\apache-tomcat-7.0.52\lib\tomcat-i18n-fr.jar;C:\Users\Josue\Documents\Apache\apache-tomcat-7.0.52\lib\tomcat-i18n-ja.jar;C:\Users\Josue\Documents\Apache\apache-tomcat-7.0.52\lib\tomcat-jdbc.jar;C:\Users\Josue\Documents\Apache\apache-tomcat-7.0.52\lib\tomcat-util.jar;C:\Users\Josue\Documents\Apache\apache-tomcat-7.0.52\lib\tomcat7-websocket.jar;C:\Users\Josue\Documents\Apache\apache-tomcat-7.0.52\lib\websocket-api.jar, hibernate.bytecode.use_reflection_optimizer=false, hibernate.show_sql=true, java.vm.specification.version=1.8, sun.arch.data.model=64, sun.java.command=br.com.tkcsapcd.model.main.HibernateUtilTest, java.home=C:\Program Files\Java\jre1.8.0_131, hibernate.connection.url=jdbc:mysql://localhost:3306/tkcsapcd, hibernate.dialect=org.hibernate.dialect.MySQL5InnoDBDialect, user.language=en, java.specification.vendor=Oracle Corporation, awt.toolkit=sun.awt.windows.WToolkit, java.vm.info=mixed mode, java.version=1.8.0_131, java.ext.dirs=C:\Program Files\Java\jre1.8.0_131\lib\ext;C:\Windows\Sun\Java\lib\ext, sun.boot.class.path=C:\Program Files\Java\jre1.8.0_131\lib\resources.jar;C:\Program Files\Java\jre1.8.0_131\lib\rt.jar;C:\Program Files\Java\jre1.8.0_131\lib\sunrsasign.jar;C:\Program Files\Java\jre1.8.0_131\lib\jsse.jar;C:\Program Files\Java\jre1.8.0_131\lib\jce.jar;C:\Program Files\Java\jre1.8.0_131\lib\charsets.jar;C:\Program Files\Java\jre1.8.0_131\lib\jfr.jar;C:\Program Files\Java\jre1.8.0_131\classes, java.vendor=Oracle Corporation, file.separator=\, java.vendor.url.bug=http://bugreport.sun.com/bugreport/, hibernate.hbm2ddl.auto=create, sun.io.unicode.encoding=UnicodeLittle, sun.cpu.endian=little, sun.desktop=windows, sun.cpu.isalist=amd64}
[2017-04-23 23:18:27,093]DEBUG  5377[main] - org.hibernate.secure.spi.JaccIntegrator.doIntegration(JaccIntegrator.java:80) - Skipping JACC integration as it was not enabled
[2017-04-23 23:18:27,113]DEBUG  5397[main] - org.hibernate.internal.SessionFactoryImpl.<init>(SessionFactoryImpl.java:462) - Instantiated session factory
[2017-04-23 23:18:27,150] INFO  5434[main] - org.hibernate.tool.hbm2ddl.SchemaExport.execute(SchemaExport.java:400) - HHH000227: Running hbm2ddl schema export
[2017-04-23 23:18:27,153]DEBUG  5437[main] - org.hibernate.tool.hbm2ddl.SchemaExport.execute(SchemaExport.java:408) - Import file not found: /import.sql
[2017-04-23 23:18:27,161] INFO  5445[main] - org.hibernate.tool.hbm2ddl.SchemaExport.execute(SchemaExport.java:463) - HHH000230: Schema export complete
[2017-04-23 23:18:27,173]DEBUG  5457[main] - org.hibernate.internal.NamedQueryRepository.checkNamedQueries(NamedQueryRepository.java:149) - Checking 0 named HQL queries
[2017-04-23 23:18:27,174]DEBUG  5458[main] - org.hibernate.internal.NamedQueryRepository.checkNamedQueries(NamedQueryRepository.java:165) - Checking 0 named SQL queries
[2017-04-23 23:18:27,182]DEBUG  5466[main] - org.hibernate.internal.SessionFactoryRegistry.<init>(SessionFactoryRegistry.java:52) - Initializing SessionFactoryRegistry : org.hibernate.internal.SessionFactoryRegistry@130c12b7
[2017-04-23 23:18:27,189]DEBUG  5473[main] - org.hibernate.internal.SessionFactoryRegistry.addSessionFactory(SessionFactoryRegistry.java:74) - Registering SessionFactory: 538bb452-cedd-49a8-b178-6acd47f012c4 (<unnamed>)
[2017-04-23 23:18:27,189]DEBUG  5473[main] - org.hibernate.internal.SessionFactoryRegistry.addSessionFactory(SessionFactoryRegistry.java:81) - Not binding SessionFactory to JNDI, no JNDI name configured
[2017-04-23 23:18:27,419]DEBUG  5703[main] - org.hibernate.stat.internal.StatisticsInitiator.initiateServiceInternal(StatisticsInitiator.java:82) - Statistics initialized [enabled=false]
[2017-04-23 23:18:27,433]DEBUG  5717[main] - org.hibernate.internal.SessionFactoryImpl.close(SessionFactoryImpl.java:1047) - HHH000031: Closing
[2017-04-23 23:18:27,436]DEBUG  5720[main] - org.hibernate.service.internal.AbstractServiceRegistryImpl.deRegisterChild(AbstractServiceRegistryImpl.java:389) - Implicitly destroying ServiceRegistry on de-registration of all child ServiceRegistries
[2017-04-23 23:18:27,437] INFO  5721[main] - org.hibernate.engine.jdbc.connections.internal.DriverManagerConnectionProviderImpl.stop(DriverManagerConnectionProviderImpl.java:259) - HHH000030: Cleaning up connection pool [jdbc:mysql://localhost:3306/tkcsapcd]
[2017-04-23 23:18:27,447]DEBUG  5731[main] - org.hibernate.boot.registry.internal.BootstrapServiceRegistryImpl.deRegisterChild(BootstrapServiceRegistryImpl.java:286) - Implicitly destroying Boot-strap registry on de-registration of all child ServiceRegistries
